#
# A fatal error has been detected by the Java Runtime Environment:
#
#  SIGSEGV (0xb) at pc=0x000000012ff9bad3, pid=1236, tid=0x0000000000012b03
#
# JRE version: Java(TM) SE Runtime Environment (8.0_101-b13) (build 1.8.0_101-b13)
# Java VM: Java HotSpot(TM) 64-Bit Server VM (25.101-b13 mixed mode bsd-amd64 compressed oops)
# Problematic frame:
# C  [libgdx-bullet64.dylib+0x188ad3]  Java_com_badlogic_gdx_physics_bullet_collision_CollisionJNI_new_1CollisionObjectWrapper_1_1SWIG_111+0x13
#
# Failed to write core dump. Core dumps have been disabled. To enable core dumping, try "ulimit -c unlimited" before starting Java again
#
# If you would like to submit a bug report, please visit:
#   http://bugreport.java.com/bugreport/crash.jsp
# The crash happened outside the Java Virtual Machine in native code.
# See problematic frame for where to report the bug.
#

---------------  T H R E A D  ---------------

Current thread (0x00007ff7a81d8000):  JavaThread "LWJGL Application" [_thread_in_native, id=76547, stack(0x0000700007fa1000,0x00007000080a1000)]

siginfo: si_signo: 11 (SIGSEGV), si_code: 1 (SEGV_MAPERR), si_addr: 0x00000000000000d0

Registers:
RAX=0x00007ff7ac923fb0, RBX=0x0000000000000000, RCX=0x0000000000000001, RDX=0x0000000000000200
RSP=0x00007000080a05e0, RBP=0x00007000080a05f0, RSI=0x0000000040000000, RDI=0x000000000000023f
R8 =0x0000000000000028, R9 =0x00007ff7ac923fb0, R10=0x00000000c0000000, R11=0x0000000000000003
R12=0x0000000000000000, R13=0x0000000125276ff8, R14=0x00007000080a0688, R15=0x00007ff7a81d8000
RIP=0x000000012ff9bad3, EFLAGS=0x0000000000010202, ERR=0x0000000000000004
  TRAPNO=0x000000000000000e

Top of Stack: (sp=0x00007000080a05e0)
0x00007000080a05e0:   000000012ff9bac0 0000000125276ff8
0x00007000080a05f0:   00007000080a0658 00000001114829d4
0x00007000080a0600:   00007000080a0658 0000000111482767
0x00007000080a0610:   0000000111482722 00007000080a0618
0x00007000080a0620:   0000000125276ff8 00007000080a0688
0x00007000080a0630:   00000001251e4060 0000000000000000
0x00007000080a0640:   0000000125276ff8 0000000000000000
0x00007000080a0650:   00007000080a0678 00007000080a06d8
0x00007000080a0660:   0000000111472dd0 00000007963b5058
0x00007000080a0670:   000000011147c537 0000000000000000
0x00007000080a0680:   0000000000000000 0000000000000000
0x00007000080a0690:   0000000796d1b528 00007000080a0698
0x00007000080a06a0:   00000001305dd8f6 00007000080a06f0
0x00007000080a06b0:   00000001305dda20 0000000000000000
0x00007000080a06c0:   00000001305dd920 00007000080a0678
0x00007000080a06d0:   00007000080a06e8 00007000080a0740
0x00007000080a06e0:   00000001114732bd 0000000000000000
0x00007000080a06f0:   0000000796d1b528 0000000796d1b528
0x00007000080a0700:   00007000080a0700 0000000124f38a4d
0x00007000080a0710:   00007000080a0790 0000000124f508c8
0x00007000080a0720:   0000000000000000 0000000124f38b50
0x00007000080a0730:   00007000080a06e8 00007000080a0780
0x00007000080a0740:   00007000080a07d8 0000000111472a90
0x00007000080a0750:   0000000000000000 0000000000000000
0x00007000080a0760:   0000000000000000 0000000000000000
0x00007000080a0770:   0000000000000000 0000000000000000
0x00007000080a0780:   0000000796c3ed00 0000000000000000
0x00007000080a0790:   0000000795826a88 00007000080a0798
0x00007000080a07a0:   0000000124f380a1 00007000080a07f8
0x00007000080a07b0:   0000000124f508c8 0000000000000000
0x00007000080a07c0:   0000000124f380e0 00007000080a0780
0x00007000080a07d0:   00007000080a07f8 00007000080a0840 

Instructions: (pc=0x000000012ff9bad3)
0x000000012ff9bab3:   5d c3 66 66 2e 0f 1f 84 00 00 00 00 00 55 48 89
0x000000012ff9bac3:   e5 53 50 48 89 d3 bf 28 00 00 00 e8 d3 ed 08 00
0x000000012ff9bad3:   48 8b 8b d0 00 00 00 48 c7 00 00 00 00 00 48 89
0x000000012ff9bae3:   48 08 48 89 58 10 48 83 c3 10 48 89 58 18 48 c7 

Register to memory mapping:

RAX=0x00007ff7ac923fb0 is an unknown value
RBX=0x0000000000000000 is an unknown value
RCX=0x0000000000000001 is an unknown value
RDX=0x0000000000000200 is an unknown value
RSP=0x00007000080a05e0 is pointing into the stack for thread: 0x00007ff7a81d8000
RBP=0x00007000080a05f0 is pointing into the stack for thread: 0x00007ff7a81d8000
RSI=0x0000000040000000 is an unknown value
RDI=0x000000000000023f is an unknown value
R8 =0x0000000000000028 is an unknown value
R9 =0x00007ff7ac923fb0 is an unknown value
R10=0x00000000c0000000 is an unknown value
R11=0x0000000000000003 is an unknown value
R12=0x0000000000000000 is an unknown value
R13={method} {0x0000000125276ff8} 'new_CollisionObjectWrapper__SWIG_11' '(JLcom/badlogic/gdx/physics/bullet/collision/btCollisionObject;)J' in 'com/badlogic/gdx/physics/bullet/collision/CollisionJNI'
R14=0x00007000080a0688 is pointing into the stack for thread: 0x00007ff7a81d8000
R15=0x00007ff7a81d8000 is a thread


Stack: [0x0000700007fa1000,0x00007000080a1000],  sp=0x00007000080a05e0,  free space=1021k
Native frames: (J=compiled Java code, j=interpreted, Vv=VM code, C=native code)
C  [libgdx-bullet64.dylib+0x188ad3]  Java_com_badlogic_gdx_physics_bullet_collision_CollisionJNI_new_1CollisionObjectWrapper_1_1SWIG_111+0x13
j  com.badlogic.gdx.physics.bullet.collision.CollisionJNI.new_CollisionObjectWrapper__SWIG_11(JLcom/badlogic/gdx/physics/bullet/collision/btCollisionObject;)J+0
j  com.badlogic.gdx.physics.bullet.collision.CollisionObjectWrapper.<init>(Lcom/badlogic/gdx/physics/bullet/collision/btCollisionObject;)V+6
j  com.albert.tron.Tron.checkCollision(Lcom/badlogic/gdx/physics/bullet/collision/btCollisionObject;Lcom/badlogic/gdx/physics/bullet/collision/btCollisionObject;)Z+5
j  com.albert.tron.Tron.handleCollisions()V+33
j  com.albert.tron.Tron.render()V+45
j  com.badlogic.gdx.backends.lwjgl.LwjglApplication.mainLoop()V+698
j  com.badlogic.gdx.backends.lwjgl.LwjglApplication$1.run()V+27
v  ~StubRoutines::call_stub
V  [libjvm.dylib+0x2ecf06]
V  [libjvm.dylib+0x2ed694]
V  [libjvm.dylib+0x2ed840]
V  [libjvm.dylib+0x348029]
V  [libjvm.dylib+0x5695ab]
V  [libjvm.dylib+0x56ac98]
V  [libjvm.dylib+0x48933a]
C  [libsystem_pthread.dylib+0x3aab]  _pthread_body+0xb4
C  [libsystem_pthread.dylib+0x39f7]  _pthread_body+0x0
C  [libsystem_pthread.dylib+0x31fd]  thread_start+0xd
C  0x0000000000000000

Java frames: (J=compiled Java code, j=interpreted, Vv=VM code)
j  com.badlogic.gdx.physics.bullet.collision.CollisionJNI.new_CollisionObjectWrapper__SWIG_11(JLcom/badlogic/gdx/physics/bullet/collision/btCollisionObject;)J+0
j  com.badlogic.gdx.physics.bullet.collision.CollisionObjectWrapper.<init>(Lcom/badlogic/gdx/physics/bullet/collision/btCollisionObject;)V+6
j  com.albert.tron.Tron.checkCollision(Lcom/badlogic/gdx/physics/bullet/collision/btCollisionObject;Lcom/badlogic/gdx/physics/bullet/collision/btCollisionObject;)Z+5
j  com.albert.tron.Tron.handleCollisions()V+33
j  com.albert.tron.Tron.render()V+45
j  com.badlogic.gdx.backends.lwjgl.LwjglApplication.mainLoop()V+698
j  com.badlogic.gdx.backends.lwjgl.LwjglApplication$1.run()V+27
v  ~StubRoutines::call_stub

---------------  P R O C E S S  ---------------

Java Threads: ( => current thread )
  0x00007ff7a800d800 JavaThread "DestroyJavaVM" [_thread_blocked, id=7171, stack(0x0000700006de5000,0x0000700006ee5000)]
=>0x00007ff7a81d8000 JavaThread "LWJGL Application" [_thread_in_native, id=76547, stack(0x0000700007fa1000,0x00007000080a1000)]
  0x00007ff7a8918000 JavaThread "AWT-Shutdown" [_thread_blocked, id=29471, stack(0x0000700007c92000,0x0000700007d92000)]
  0x00007ff7a9141000 JavaThread "AppKit Thread" daemon [_thread_in_native, id=775, stack(0x00007fff50bde000,0x00007fff513de000)]
  0x00007ff7a8803000 JavaThread "Service Thread" daemon [_thread_blocked, id=18691, stack(0x0000700007a09000,0x0000700007b09000)]
  0x00007ff7a8018000 JavaThread "C1 CompilerThread2" daemon [_thread_blocked, id=18179, stack(0x0000700007906000,0x0000700007a06000)]
  0x00007ff7a903b800 JavaThread "C2 CompilerThread1" daemon [_thread_in_native, id=17667, stack(0x0000700007803000,0x0000700007903000)]
  0x00007ff7a9023000 JavaThread "C2 CompilerThread0" daemon [_thread_in_native, id=17155, stack(0x0000700007700000,0x0000700007800000)]
  0x00007ff7a9022800 JavaThread "Signal Dispatcher" daemon [_thread_blocked, id=16643, stack(0x00007000075fd000,0x00007000076fd000)]
  0x00007ff7a9012000 JavaThread "Finalizer" daemon [_thread_blocked, id=12547, stack(0x00007000074fa000,0x00007000075fa000)]
  0x00007ff7a9818800 JavaThread "Reference Handler" daemon [_thread_blocked, id=12035, stack(0x00007000073f7000,0x00007000074f7000)]

Other Threads:
  0x00007ff7a8022000 VMThread [stack: 0x00007000072f4000,0x00007000073f4000] [id=11523]
  0x00007ff7a801d000 WatcherThread [stack: 0x0000700007b0c000,0x0000700007c0c000] [id=19203]

VM state:not at safepoint (normal execution)

VM Mutex/Monitor currently owned by a thread: None

Heap:
 PSYoungGen      total 38400K, used 24654K [0x0000000795580000, 0x0000000798000000, 0x00000007c0000000)
  eden space 33280K, 74% used [0x0000000795580000,0x0000000796d93990,0x0000000797600000)
  from space 5120K, 0% used [0x0000000797b00000,0x0000000797b00000,0x0000000798000000)
  to   space 5120K, 0% used [0x0000000797600000,0x0000000797600000,0x0000000797b00000)
 ParOldGen       total 87552K, used 0K [0x0000000740000000, 0x0000000745580000, 0x0000000795580000)
  object space 87552K, 0% used [0x0000000740000000,0x0000000740000000,0x0000000745580000)
 Metaspace       used 9275K, capacity 9427K, committed 9728K, reserved 1058816K
  class space    used 852K, capacity 920K, committed 1024K, reserved 1048576K

Card table byte_map: [0x0000000110d5d000,0x000000011115e000] byte_map_base: 0x000000010d35d000

Marking Bits: (ParMarkBitMap*) 0x00000001102edd20
 Begin Bits: [0x0000000120716000, 0x0000000122716000)
 End Bits:   [0x0000000122716000, 0x0000000124716000)

Polling page: 0x000000010e841000

CodeCache: size=245760Kb used=3259Kb max_used=3259Kb free=242500Kb
 bounds [0x000000011146b000, 0x00000001117ab000, 0x000000012046b000]
 total_blobs=1425 nmethods=733 adapters=603
 compilation: enabled

Compilation events (10 events):
Event: 3.078 Thread 0x00007ff7a8018000  732       3       com.badlogic.gdx.utils.Array$ArrayIterable::iterator (113 bytes)
Event: 3.079 Thread 0x00007ff7a8018000 nmethod 732 0x0000000111794510 code [0x00000001117946a0, 0x0000000111794b70]
Event: 3.084 Thread 0x00007ff7a8018000  733       3       com.badlogic.gdx.math.Vector3::<init> (5 bytes)
Event: 3.085 Thread 0x00007ff7a8018000 nmethod 733 0x0000000111794d90 code [0x0000000111794f00, 0x00000001117950b0]
Event: 3.086 Thread 0x00007ff7a9023000 nmethod 708 0x0000000111798cd0 code [0x0000000111798ea0, 0x0000000111799e00]
Event: 3.086 Thread 0x00007ff7a9023000  722       4       java.lang.String::<init> (82 bytes)
Event: 3.087 Thread 0x00007ff7a8018000  735       3       java.nio.HeapByteBuffer::_get (7 bytes)
Event: 3.087 Thread 0x00007ff7a8018000 nmethod 735 0x00000001117988d0 code [0x0000000111798a40, 0x0000000111798bd0]
Event: 3.087 Thread 0x00007ff7a8018000  734       3       java.nio.HeapByteBuffer::ix (7 bytes)
Event: 3.087 Thread 0x00007ff7a8018000 nmethod 734 0x00000001117985d0 code [0x0000000111798720, 0x0000000111798870]

GC Heap History (0 events):
No events

Deoptimization events (7 events):
Event: 0.144 Thread 0x00007ff7a800d800 Uncommon trap: reason=unstable_if action=reinterpret pc=0x00000001115b7830 method=java.lang.String.indexOf([CII[CIII)I @ 134
Event: 2.682 Thread 0x00007ff7a81d8000 Uncommon trap: reason=unstable_if action=reinterpret pc=0x000000011165e36c method=java.lang.String.<init>([CII)V @ 18
Event: 2.689 Thread 0x00007ff7a81d8000 Uncommon trap: reason=unstable_if action=reinterpret pc=0x000000011161d5c4 method=java.lang.String.replace(CC)Ljava/lang/String; @ 26
Event: 2.958 Thread 0x00007ff7a81d8000 Uncommon trap: reason=unstable_if action=reinterpret pc=0x000000011176ae3c method=java.io.BufferedReader.readLine(Z)Ljava/lang/String; @ 153
Event: 2.958 Thread 0x00007ff7a81d8000 Uncommon trap: reason=unstable_if action=reinterpret pc=0x0000000111757c00 method=java.util.regex.Pattern$Start.match(Ljava/util/regex/Matcher;ILjava/lang/CharSequence;)Z @ 10
Event: 3.063 Thread 0x00007ff7a81d8000 Uncommon trap: reason=unstable_if action=reinterpret pc=0x0000000111786a20 method=sun.misc.FloatingDecimal$ASCIIToBinaryBuffer.floatValue()F @ 497
Event: 3.063 Thread 0x00007ff7a81d8000 Uncommon trap: reason=unstable_if action=reinterpret pc=0x000000011177fbcc method=sun.misc.FDBigInteger.leftShift(I)Lsun/misc/FDBigInteger; @ 26

Internal exceptions (10 events):
Event: 0.235 Thread 0x00007ff7a800d800 Exception <a 'java/lang/NoSuchFieldError': method resolution failed> (0x0000000795ac8f30) thrown at [/HUDSON3/workspace/8-2-build-macosx-x86_64/jdk8u101/7261/hotspot/src/share/vm/prims/methodHandles.cpp, line 1146]
Event: 0.237 Thread 0x00007ff7a800d800 Exception <a 'java/lang/NoSuchFieldError': method resolution failed> (0x0000000795ad6680) thrown at [/HUDSON3/workspace/8-2-build-macosx-x86_64/jdk8u101/7261/hotspot/src/share/vm/prims/methodHandles.cpp, line 1146]
Event: 2.401 Thread 0x00007ff7a800d800 Exception <a 'java/io/FileNotFoundException'> (0x0000000795b51420) thrown at [/HUDSON3/workspace/8-2-build-macosx-x86_64/jdk8u101/7261/hotspot/src/share/vm/prims/jni.cpp, line 709]
Event: 2.401 Thread 0x00007ff7a800d800 Exception <a 'java/io/FileNotFoundException'> (0x0000000795b51fa8) thrown at [/HUDSON3/workspace/8-2-build-macosx-x86_64/jdk8u101/7261/hotspot/src/share/vm/prims/jni.cpp, line 709]
Event: 2.416 Thread 0x00007ff7a800d800 Exception <a 'java/security/PrivilegedActionException'> (0x0000000795c17438) thrown at [/HUDSON3/workspace/8-2-build-macosx-x86_64/jdk8u101/7261/hotspot/src/share/vm/prims/jvm.cpp, line 1386]
Event: 2.416 Thread 0x00007ff7a800d800 Exception <a 'java/security/PrivilegedActionException'> (0x0000000795c19020) thrown at [/HUDSON3/workspace/8-2-build-macosx-x86_64/jdk8u101/7261/hotspot/src/share/vm/prims/jvm.cpp, line 1386]
Event: 2.417 Thread 0x00007ff7a800d800 Exception <a 'java/security/PrivilegedActionException'> (0x0000000795c1a140) thrown at [/HUDSON3/workspace/8-2-build-macosx-x86_64/jdk8u101/7261/hotspot/src/share/vm/prims/jvm.cpp, line 1386]
Event: 2.417 Thread 0x00007ff7a800d800 Exception <a 'java/security/PrivilegedActionException'> (0x0000000795c1f260) thrown at [/HUDSON3/workspace/8-2-build-macosx-x86_64/jdk8u101/7261/hotspot/src/share/vm/prims/jvm.cpp, line 1386]
Event: 2.417 Thread 0x00007ff7a800d800 Exception <a 'java/security/PrivilegedActionException'> (0x0000000795c1feb8) thrown at [/HUDSON3/workspace/8-2-build-macosx-x86_64/jdk8u101/7261/hotspot/src/share/vm/prims/jvm.cpp, line 1386]
Event: 2.417 Thread 0x00007ff7a800d800 Exception <a 'java/security/PrivilegedActionException'> (0x0000000795c20ae0) thrown at [/HUDSON3/workspace/8-2-build-macosx-x86_64/jdk8u101/7261/hotspot/src/share/vm/prims/jvm.cpp, line 1386]

Events (10 events):
Event: 3.081 loading class com/badlogic/gdx/math/Frustum
Event: 3.081 loading class com/badlogic/gdx/math/Frustum done
Event: 3.082 loading class com/badlogic/gdx/math/Plane
Event: 3.082 loading class com/badlogic/gdx/math/Plane done
Event: 3.083 loading class com/badlogic/gdx/math/collision/Ray
Event: 3.083 loading class com/badlogic/gdx/math/collision/Ray done
Event: 3.085 loading class com/badlogic/gdx/backends/lwjgl/LwjglInput$TouchEvent
Event: 3.085 loading class com/badlogic/gdx/backends/lwjgl/LwjglInput$TouchEvent done
Event: 3.086 loading class com/badlogic/gdx/physics/bullet/collision/CollisionObjectWrapper
Event: 3.086 loading class com/badlogic/gdx/physics/bullet/collision/CollisionObjectWrapper done


Dynamic libraries:
0x000000001b326000 	/System/Library/Frameworks/Cocoa.framework/Versions/A/Cocoa
0x000000001b326000 	/System/Library/Frameworks/Security.framework/Versions/A/Security
0x000000001b326000 	/System/Library/Frameworks/ApplicationServices.framework/Versions/A/ApplicationServices
0x000000001b326000 	/usr/lib/libz.1.dylib
0x000000010e842000 	/usr/lib/libSystem.B.dylib
0x000000001b326000 	/usr/lib/libobjc.A.dylib
0x000000001b326000 	/System/Library/Frameworks/CoreFoundation.framework/Versions/A/CoreFoundation
0x000000001b326000 	/System/Library/Frameworks/Foundation.framework/Versions/C/Foundation
0x000000001b326000 	/System/Library/Frameworks/AppKit.framework/Versions/C/AppKit
0x000000001b326000 	/System/Library/Frameworks/CoreData.framework/Versions/A/CoreData
0x000000001b326000 	/System/Library/PrivateFrameworks/RemoteViewServices.framework/Versions/A/RemoteViewServices
0x000000001b326000 	/System/Library/PrivateFrameworks/UIFoundation.framework/Versions/A/UIFoundation
0x000000001b326000 	/System/Library/PrivateFrameworks/DFRFoundation.framework/Versions/A/DFRFoundation
0x000000001b326000 	/usr/lib/libenergytrace.dylib
0x000000001b326000 	/System/Library/PrivateFrameworks/SkyLight.framework/Versions/A/SkyLight
0x000000001b326000 	/System/Library/Frameworks/CoreGraphics.framework/Versions/A/CoreGraphics
0x000000001b326000 	/usr/lib/libScreenReader.dylib
0x000000001b326000 	/System/Library/Frameworks/Accelerate.framework/Versions/A/Accelerate
0x000000001b326000 	/System/Library/Frameworks/IOSurface.framework/Versions/A/IOSurface
0x000000001b326000 	/System/Library/Frameworks/AudioToolbox.framework/Versions/A/AudioToolbox
0x000000001b326000 	/System/Library/Frameworks/AudioUnit.framework/Versions/A/AudioUnit
0x000000001b326000 	/System/Library/PrivateFrameworks/DataDetectorsCore.framework/Versions/A/DataDetectorsCore
0x000000001b326000 	/System/Library/PrivateFrameworks/DesktopServicesPriv.framework/Versions/A/DesktopServicesPriv
0x000000001b326000 	/System/Library/Frameworks/Carbon.framework/Versions/A/Frameworks/HIToolbox.framework/Versions/A/HIToolbox
0x000000001b326000 	/usr/lib/libicucore.A.dylib
0x000000001b326000 	/System/Library/Frameworks/QuartzCore.framework/Versions/A/QuartzCore
0x000000001b326000 	/System/Library/Frameworks/Carbon.framework/Versions/A/Frameworks/SpeechRecognition.framework/Versions/A/SpeechRecognition
0x000000001b326000 	/usr/lib/libauto.dylib
0x000000001b326000 	/usr/lib/libxml2.2.dylib
0x000000001b326000 	/System/Library/PrivateFrameworks/CoreUI.framework/Versions/A/CoreUI
0x000000001b326000 	/System/Library/Frameworks/CoreAudio.framework/Versions/A/CoreAudio
0x000000001b326000 	/System/Library/Frameworks/DiskArbitration.framework/Versions/A/DiskArbitration
0x000000001b326000 	/usr/lib/liblangid.dylib
0x000000001b326000 	/System/Library/PrivateFrameworks/MultitouchSupport.framework/Versions/A/MultitouchSupport
0x000000010e84f000 	/System/Library/Frameworks/IOKit.framework/Versions/A/IOKit
0x000000001b326000 	/usr/lib/libDiagnosticMessagesClient.dylib
0x000000001b326000 	/System/Library/Frameworks/CoreServices.framework/Versions/A/CoreServices
0x000000001b326000 	/System/Library/PrivateFrameworks/PerformanceAnalysis.framework/Versions/A/PerformanceAnalysis
0x000000001b326000 	/System/Library/PrivateFrameworks/GenerationalStorage.framework/Versions/A/GenerationalStorage
0x000000001b326000 	/System/Library/Frameworks/OpenGL.framework/Versions/A/OpenGL
0x000000001b326000 	/System/Library/Frameworks/CoreImage.framework/Versions/A/CoreImage
0x000000001b326000 	/System/Library/Frameworks/CoreText.framework/Versions/A/CoreText
0x000000001b326000 	/System/Library/Frameworks/ImageIO.framework/Versions/A/ImageIO
0x000000001b326000 	/System/Library/PrivateFrameworks/Backup.framework/Versions/A/Backup
0x000000001b326000 	/usr/lib/libarchive.2.dylib
0x000000010e92b000 	/System/Library/Frameworks/CFNetwork.framework/Versions/A/CFNetwork
0x000000001b326000 	/System/Library/Frameworks/SystemConfiguration.framework/Versions/A/SystemConfiguration
0x000000001b326000 	/usr/lib/libCRFSuite.dylib
0x000000001b326000 	/usr/lib/libc++.1.dylib
0x000000001b326000 	/usr/lib/libc++abi.dylib
0x000000001b326000 	/usr/lib/system/libcache.dylib
0x000000001b326000 	/usr/lib/system/libcommonCrypto.dylib
0x000000001b326000 	/usr/lib/system/libcompiler_rt.dylib
0x000000001b326000 	/usr/lib/system/libcopyfile.dylib
0x000000001b326000 	/usr/lib/system/libcorecrypto.dylib
0x000000001b326000 	/usr/lib/system/libdispatch.dylib
0x000000010f01c000 	/usr/lib/system/libdyld.dylib
0x000000001b326000 	/usr/lib/system/libkeymgr.dylib
0x000000001b326000 	/usr/lib/system/liblaunch.dylib
0x000000001b326000 	/usr/lib/system/libmacho.dylib
0x000000001b326000 	/usr/lib/system/libquarantine.dylib
0x000000001b326000 	/usr/lib/system/libremovefile.dylib
0x000000001b326000 	/usr/lib/system/libsystem_asl.dylib
0x000000001b326000 	/usr/lib/system/libsystem_blocks.dylib
0x000000001b326000 	/usr/lib/system/libsystem_c.dylib
0x000000001b326000 	/usr/lib/system/libsystem_configuration.dylib
0x000000001b326000 	/usr/lib/system/libsystem_coreservices.dylib
0x000000010f02d000 	/usr/lib/system/libsystem_coretls.dylib
0x000000001b326000 	/usr/lib/system/libsystem_dnssd.dylib
0x000000001b326000 	/usr/lib/system/libsystem_info.dylib
0x000000010f055000 	/usr/lib/system/libsystem_kernel.dylib
0x000000001b326000 	/usr/lib/system/libsystem_m.dylib
0x000000001b326000 	/usr/lib/system/libsystem_malloc.dylib
0x000000001b326000 	/usr/lib/system/libsystem_network.dylib
0x000000010f094000 	/usr/lib/system/libsystem_networkextension.dylib
0x000000001b326000 	/usr/lib/system/libsystem_notify.dylib
0x000000001b326000 	/usr/lib/system/libsystem_platform.dylib
0x000000001b326000 	/usr/lib/system/libsystem_pthread.dylib
0x000000010f0ae000 	/usr/lib/system/libsystem_sandbox.dylib
0x000000001b326000 	/usr/lib/system/libsystem_secinit.dylib
0x000000010f0ba000 	/usr/lib/system/libsystem_symptoms.dylib
0x000000010f0ce000 	/usr/lib/system/libsystem_trace.dylib
0x000000001b326000 	/usr/lib/system/libunwind.dylib
0x000000001b326000 	/usr/lib/system/libxpc.dylib
0x000000001b326000 	/usr/lib/libbsm.0.dylib
0x000000010f105000 	/usr/lib/system/libkxld.dylib
0x000000001b326000 	/usr/lib/libcoretls.dylib
0x000000001b326000 	/usr/lib/libcoretls_cfhelpers.dylib
0x000000001b326000 	/usr/lib/libxar.1.dylib
0x000000001b326000 	/usr/lib/libsqlite3.dylib
0x000000001b326000 	/usr/lib/libpam.2.dylib
0x000000001b326000 	/usr/lib/libOpenScriptingUtil.dylib
0x000000001b326000 	/usr/lib/libbz2.1.0.dylib
0x000000001b326000 	/usr/lib/liblzma.5.dylib
0x000000001b326000 	/usr/lib/libnetwork.dylib
0x000000001b326000 	/usr/lib/libpcap.A.dylib
0x000000001b326000 	/System/Library/Frameworks/CoreServices.framework/Versions/A/Frameworks/FSEvents.framework/Versions/A/FSEvents
0x000000001b326000 	/System/Library/Frameworks/CoreServices.framework/Versions/A/Frameworks/CarbonCore.framework/Versions/A/CarbonCore
0x000000001b326000 	/System/Library/Frameworks/CoreServices.framework/Versions/A/Frameworks/Metadata.framework/Versions/A/Metadata
0x000000001b326000 	/System/Library/Frameworks/CoreServices.framework/Versions/A/Frameworks/OSServices.framework/Versions/A/OSServices
0x000000001b326000 	/System/Library/Frameworks/CoreServices.framework/Versions/A/Frameworks/SearchKit.framework/Versions/A/SearchKit
0x000000001b326000 	/System/Library/Frameworks/CoreServices.framework/Versions/A/Frameworks/AE.framework/Versions/A/AE
0x000000001b326000 	/System/Library/Frameworks/CoreServices.framework/Versions/A/Frameworks/LaunchServices.framework/Versions/A/LaunchServices
0x000000001b326000 	/System/Library/Frameworks/CoreServices.framework/Versions/A/Frameworks/DictionaryServices.framework/Versions/A/DictionaryServices
0x000000001b326000 	/System/Library/Frameworks/CoreServices.framework/Versions/A/Frameworks/SharedFileList.framework/Versions/A/SharedFileList
0x000000001b326000 	/System/Library/Frameworks/NetFS.framework/Versions/A/NetFS
0x000000001b326000 	/System/Library/PrivateFrameworks/NetAuth.framework/Versions/A/NetAuth
0x000000001b326000 	/System/Library/PrivateFrameworks/login.framework/Versions/A/Frameworks/loginsupport.framework/Versions/A/loginsupport
0x000000001b326000 	/System/Library/PrivateFrameworks/TCC.framework/Versions/A/TCC
0x000000001b326000 	/usr/lib/libmecabra.dylib
0x000000001b326000 	/System/Library/Frameworks/ApplicationServices.framework/Versions/A/Frameworks/ATS.framework/Versions/A/ATS
0x000000001b326000 	/System/Library/Frameworks/ApplicationServices.framework/Versions/A/Frameworks/ColorSync.framework/Versions/A/ColorSync
0x000000001b326000 	/System/Library/Frameworks/ApplicationServices.framework/Versions/A/Frameworks/HIServices.framework/Versions/A/HIServices
0x000000001b326000 	/System/Library/Frameworks/ApplicationServices.framework/Versions/A/Frameworks/LangAnalysis.framework/Versions/A/LangAnalysis
0x000000001b326000 	/System/Library/Frameworks/ApplicationServices.framework/Versions/A/Frameworks/PrintCore.framework/Versions/A/PrintCore
0x000000001b326000 	/System/Library/Frameworks/ApplicationServices.framework/Versions/A/Frameworks/QD.framework/Versions/A/QD
0x000000001b326000 	/System/Library/Frameworks/ApplicationServices.framework/Versions/A/Frameworks/SpeechSynthesis.framework/Versions/A/SpeechSynthesis
0x000000001b326000 	/System/Library/Frameworks/Accelerate.framework/Versions/A/Frameworks/vImage.framework/Versions/A/vImage
0x000000001b326000 	/System/Library/Frameworks/Accelerate.framework/Versions/A/Frameworks/vecLib.framework/Versions/A/vecLib
0x000000001b326000 	/System/Library/Frameworks/Accelerate.framework/Versions/A/Frameworks/vecLib.framework/Versions/A/libvDSP.dylib
0x000000001b326000 	/System/Library/Frameworks/Accelerate.framework/Versions/A/Frameworks/vecLib.framework/Versions/A/libBNNS.dylib
0x000000001b326000 	/System/Library/Frameworks/Accelerate.framework/Versions/A/Frameworks/vecLib.framework/Versions/A/libQuadrature.dylib
0x000000001b326000 	/System/Library/Frameworks/Accelerate.framework/Versions/A/Frameworks/vecLib.framework/Versions/A/libvMisc.dylib
0x000000001b326000 	/System/Library/Frameworks/Accelerate.framework/Versions/A/Frameworks/vecLib.framework/Versions/A/libLAPACK.dylib
0x000000001b326000 	/System/Library/Frameworks/Accelerate.framework/Versions/A/Frameworks/vecLib.framework/Versions/A/libBLAS.dylib
0x000000001b326000 	/System/Library/Frameworks/Accelerate.framework/Versions/A/Frameworks/vecLib.framework/Versions/A/libLinearAlgebra.dylib
0x000000001b326000 	/System/Library/Frameworks/Accelerate.framework/Versions/A/Frameworks/vecLib.framework/Versions/A/libSparseBLAS.dylib
0x000000001b326000 	/System/Library/Frameworks/ApplicationServices.framework/Versions/A/Frameworks/ATS.framework/Versions/A/Resources/libFontParser.dylib
0x000000001b326000 	/System/Library/Frameworks/ApplicationServices.framework/Versions/A/Frameworks/ATS.framework/Versions/A/Resources/libFontRegistry.dylib
0x000000001b326000 	/System/Library/Frameworks/ImageIO.framework/Versions/A/Resources/libJPEG.dylib
0x000000001b326000 	/System/Library/Frameworks/ImageIO.framework/Versions/A/Resources/libTIFF.dylib
0x000000001b326000 	/System/Library/Frameworks/ImageIO.framework/Versions/A/Resources/libPng.dylib
0x000000001b326000 	/System/Library/Frameworks/ImageIO.framework/Versions/A/Resources/libGIF.dylib
0x000000001b326000 	/System/Library/Frameworks/ImageIO.framework/Versions/A/Resources/libJP2.dylib
0x000000001b326000 	/System/Library/Frameworks/ImageIO.framework/Versions/A/Resources/libRadiance.dylib
0x000000001b326000 	/usr/lib/libcompression.dylib
0x000000001b326000 	/System/Library/PrivateFrameworks/AppleJPEG.framework/Versions/A/AppleJPEG
0x000000001b326000 	/usr/lib/libcups.2.dylib
0x000000001b326000 	/System/Library/Frameworks/Kerberos.framework/Versions/A/Kerberos
0x000000001b326000 	/System/Library/Frameworks/GSS.framework/Versions/A/GSS
0x000000001b326000 	/usr/lib/libresolv.9.dylib
0x000000001b326000 	/usr/lib/libiconv.2.dylib
0x000000001b326000 	/System/Library/PrivateFrameworks/Heimdal.framework/Versions/A/Heimdal
0x000000001b326000 	/usr/lib/libheimdal-asn1.dylib
0x000000001b326000 	/System/Library/Frameworks/OpenDirectory.framework/Versions/A/OpenDirectory
0x000000001b326000 	/System/Library/PrivateFrameworks/CommonAuth.framework/Versions/A/CommonAuth
0x000000001b326000 	/System/Library/Frameworks/OpenDirectory.framework/Versions/A/Frameworks/CFOpenDirectory.framework/Versions/A/CFOpenDirectory
0x000000001b326000 	/System/Library/Frameworks/SecurityFoundation.framework/Versions/A/SecurityFoundation
0x000000001b326000 	/System/Library/PrivateFrameworks/LanguageModeling.framework/Versions/A/LanguageModeling
0x000000001b326000 	/usr/lib/libmarisa.dylib
0x000000001b326000 	/usr/lib/libChineseTokenizer.dylib
0x000000001b326000 	/usr/lib/libcmph.dylib
0x000000001b326000 	/System/Library/PrivateFrameworks/CoreEmoji.framework/Versions/A/CoreEmoji
0x000000001b326000 	/System/Library/Frameworks/ServiceManagement.framework/Versions/A/ServiceManagement
0x000000001b326000 	/usr/lib/libxslt.1.dylib
0x000000001b326000 	/System/Library/Frameworks/Carbon.framework/Versions/A/Frameworks/Ink.framework/Versions/A/Ink
0x000000001b326000 	/System/Library/PrivateFrameworks/TextureIO.framework/Versions/A/TextureIO
0x000000001b326000 	/System/Library/Frameworks/Metal.framework/Versions/A/Metal
0x000000001b326000 	/usr/lib/libate.dylib
0x000000001b326000 	/System/Library/PrivateFrameworks/GPUCompiler.framework/libmetal_timestamp.dylib
0x000000001b326000 	/System/Library/Frameworks/OpenGL.framework/Versions/A/Libraries/libCoreFSCache.dylib
0x000000001b326000 	/System/Library/PrivateFrameworks/IOAccelerator.framework/Versions/A/IOAccelerator
0x000000001b326000 	/System/Library/Frameworks/CoreVideo.framework/Versions/A/CoreVideo
0x000000001b326000 	/usr/lib/libFosl_dynamic.dylib
0x000000001b326000 	/System/Library/PrivateFrameworks/MetalPerformanceShaders.framework/Versions/A/MetalPerformanceShaders
0x000000001b326000 	/System/Library/PrivateFrameworks/FaceCore.framework/Versions/A/FaceCore
0x000000001b326000 	/System/Library/Frameworks/OpenCL.framework/Versions/A/OpenCL
0x000000001b326000 	/System/Library/Frameworks/OpenGL.framework/Versions/A/Libraries/libGLU.dylib
0x000000001b326000 	/System/Library/Frameworks/OpenGL.framework/Versions/A/Libraries/libGFXShared.dylib
0x000000001b326000 	/System/Library/Frameworks/OpenGL.framework/Versions/A/Libraries/libGL.dylib
0x000000001b326000 	/System/Library/Frameworks/OpenGL.framework/Versions/A/Libraries/libGLImage.dylib
0x000000001b326000 	/System/Library/Frameworks/OpenGL.framework/Versions/A/Libraries/libCVMSPluginSupport.dylib
0x000000001b326000 	/System/Library/Frameworks/OpenGL.framework/Versions/A/Libraries/libCoreVMClient.dylib
0x000000001b326000 	/System/Library/PrivateFrameworks/CrashReporterSupport.framework/Versions/A/CrashReporterSupport
0x000000001b326000 	/System/Library/PrivateFrameworks/Sharing.framework/Versions/A/Sharing
0x000000001b326000 	/System/Library/PrivateFrameworks/IconServices.framework/Versions/A/IconServices
0x000000001b326000 	/System/Library/PrivateFrameworks/ProtocolBuffer.framework/Versions/A/ProtocolBuffer
0x000000001b326000 	/System/Library/PrivateFrameworks/Apple80211.framework/Versions/A/Apple80211
0x000000001b326000 	/System/Library/Frameworks/CoreWLAN.framework/Versions/A/CoreWLAN
0x000000001b326000 	/System/Library/PrivateFrameworks/CoreUtils.framework/Versions/A/CoreUtils
0x000000001b326000 	/System/Library/Frameworks/IOBluetooth.framework/Versions/A/IOBluetooth
0x000000001b326000 	/System/Library/PrivateFrameworks/CoreWiFi.framework/Versions/A/CoreWiFi
0x000000001b326000 	/System/Library/Frameworks/CoreBluetooth.framework/Versions/A/CoreBluetooth
0x000000001b326000 	/System/Library/Frameworks/CoreDisplay.framework/Versions/A/CoreDisplay
0x000000001b326000 	/System/Library/PrivateFrameworks/IOPresentment.framework/Versions/A/IOPresentment
0x000000001b326000 	/System/Library/PrivateFrameworks/DebugSymbols.framework/Versions/A/DebugSymbols
0x000000001b326000 	/System/Library/PrivateFrameworks/CoreSymbolication.framework/Versions/A/CoreSymbolication
0x000000001b326000 	/System/Library/PrivateFrameworks/Symbolication.framework/Versions/A/Symbolication
0x000000001b326000 	/System/Library/PrivateFrameworks/AppleFSCompression.framework/Versions/A/AppleFSCompression
0x000000001b326000 	/System/Library/PrivateFrameworks/SpeechRecognitionCore.framework/Versions/A/SpeechRecognitionCore
0x000000001b326000 	/System/Library/PrivateFrameworks/ChunkingLibrary.framework/Versions/A/ChunkingLibrary
0x000000010fa00000 	/Library/Java/JavaVirtualMachines/jdk1.8.0_101.jdk/Contents/Home/jre/lib/server/libjvm.dylib
0x000000001b326000 	/usr/lib/libstdc++.6.dylib
0x000000010f173000 	/Library/Java/JavaVirtualMachines/jdk1.8.0_101.jdk/Contents/Home/jre/lib/libverify.dylib
0x000000010f181000 	/Library/Java/JavaVirtualMachines/jdk1.8.0_101.jdk/Contents/Home/jre/lib/libjava.dylib
0x000000010f1be000 	/Library/Java/JavaVirtualMachines/jdk1.8.0_101.jdk/Contents/Home/jre/lib/libzip.dylib
0x000000012637b000 	/System/Library/Frameworks/JavaVM.framework/Frameworks/JavaRuntimeSupport.framework/JavaRuntimeSupport
0x00000001113c8000 	/System/Library/Frameworks/JavaVM.framework/Versions/A/Frameworks/JavaNativeFoundation.framework/Versions/A/JavaNativeFoundation
0x000000010f1ef000 	/System/Library/Frameworks/JavaVM.framework/Versions/A/JavaVM
0x000000001b326000 	/System/Library/Frameworks/Carbon.framework/Versions/A/Carbon
0x0000000126395000 	/System/Library/PrivateFrameworks/JavaLaunching.framework/Versions/A/JavaLaunching
0x000000001b326000 	/System/Library/Frameworks/Carbon.framework/Versions/A/Frameworks/CommonPanels.framework/Versions/A/CommonPanels
0x000000001b326000 	/System/Library/Frameworks/Carbon.framework/Versions/A/Frameworks/Help.framework/Versions/A/Help
0x000000001b326000 	/System/Library/Frameworks/Carbon.framework/Versions/A/Frameworks/ImageCapture.framework/Versions/A/ImageCapture
0x000000001b326000 	/System/Library/Frameworks/Carbon.framework/Versions/A/Frameworks/OpenScripting.framework/Versions/A/OpenScripting
0x000000001b326000 	/System/Library/Frameworks/Carbon.framework/Versions/A/Frameworks/Print.framework/Versions/A/Print
0x000000001b326000 	/System/Library/Frameworks/Carbon.framework/Versions/A/Frameworks/SecurityHI.framework/Versions/A/SecurityHI
0x0000000127cd5000 	/private/var/folders/71/9rzh_t616g7bwyq7f6pt_14r0000gn/T/libgdxalbertzhan/6c379ad2/libgdx64.dylib
0x0000000127d20000 	/Library/Java/JavaVirtualMachines/jdk1.8.0_101.jdk/Contents/Home/jre/lib/libawt.dylib
0x0000000127dc8000 	/Library/Java/JavaVirtualMachines/jdk1.8.0_101.jdk/Contents/Home/jre/lib/./libmlib_image.dylib
0x0000000127e94000 	/Library/Java/JavaVirtualMachines/jdk1.8.0_101.jdk/Contents/Home/jre/lib/libawt_lwawt.dylib
0x0000000127f49000 	/Library/Java/JavaVirtualMachines/jdk1.8.0_101.jdk/Contents/Home/jre/lib/./libosxapp.dylib
0x000000001b326000 	/System/Library/Frameworks/ExceptionHandling.framework/Versions/A/ExceptionHandling
0x000000001b326000 	/System/Library/PrivateFrameworks/CoreServicesInternal.framework/Versions/A/CoreServicesInternal
0x000000001b326000 	/System/Library/CoreServices/RawCamera.bundle/Contents/MacOS/RawCamera
0x000000001b326000 	/System/Library/Frameworks/Accelerate.framework/Versions/A/Frameworks/vImage.framework/Versions/A/Libraries/libCGInterfaces.dylib
0x000000001b326000 	/System/Library/Frameworks/ApplicationServices.framework/Versions/A/Frameworks/ATS.framework/Versions/A/Resources/libTrueTypeScaler.dylib
0x0000000129cc7000 	/System/Library/Frameworks/OpenGL.framework/Resources/GLEngine.bundle/GLEngine
0x0000000129eab000 	/System/Library/Frameworks/OpenGL.framework/Versions/A/Libraries/libGLProgrammability.dylib
0x000000012a2d9000 	/System/Library/Extensions/AppleIntelBDWGraphicsGLDriver.bundle/Contents/MacOS/AppleIntelBDWGraphicsGLDriver
0x000000001b326000 	/System/Library/PrivateFrameworks/GPUSupport.framework/Versions/A/Libraries/libGPUSupportMercury.dylib
0x000000012aa35000 	/System/Library/Frameworks/OpenGL.framework/Resources//GLRendererFloat.bundle/GLRendererFloat
0x000000001b326000 	/System/Library/Frameworks/OpenCL.framework/Versions/A/Libraries/libcldcpuengine.dylib
0x000000001b326000 	/usr/lib/libcrypto.0.9.8.dylib
0x000000001b326000 	/System/Library/PrivateFrameworks/TrustEvaluationAgent.framework/Versions/A/TrustEvaluationAgent
0x000000012aa69000 	/System/Library/Extensions/AppleIntelBDWGraphicsMTLDriver.bundle/Contents/MacOS/AppleIntelBDWGraphicsMTLDriver
0x000000001b326000 	/System/Library/PrivateFrameworks/FamilyControls.framework/Versions/A/FamilyControls
0x000000001b326000 	/System/Library/PrivateFrameworks/CommerceKit.framework/Versions/A/Frameworks/CommerceCore.framework/Versions/A/CommerceCore
0x000000001b326000 	/System/Library/PrivateFrameworks/SystemAdministration.framework/Versions/A/SystemAdministration
0x000000001b326000 	/System/Library/PrivateFrameworks/AppContainer.framework/Versions/A/AppContainer
0x000000001b326000 	/System/Library/PrivateFrameworks/SecCodeWrapper.framework/Versions/A/SecCodeWrapper
0x000000001b326000 	/System/Library/Frameworks/DirectoryService.framework/Versions/A/DirectoryService
0x000000001b326000 	/System/Library/PrivateFrameworks/DiskImages.framework/Versions/A/DiskImages
0x000000001b326000 	/System/Library/PrivateFrameworks/LoginUIKit.framework/Versions/A/Frameworks/LoginUICore.framework/Versions/A/LoginUICore
0x000000001b326000 	/usr/lib/libCoreStorage.dylib
0x000000001b326000 	/usr/lib/libcsfde.dylib
0x000000001b326000 	/usr/lib/libodfde.dylib
0x000000001b326000 	/System/Library/Frameworks/DiscRecording.framework/Versions/A/DiscRecording
0x000000001b326000 	/usr/lib/libcurl.4.dylib
0x000000001b326000 	/System/Library/PrivateFrameworks/MediaKit.framework/Versions/A/MediaKit
0x000000001b326000 	/System/Library/PrivateFrameworks/ProtectedCloudStorage.framework/Versions/A/ProtectedCloudStorage
0x000000001b326000 	/System/Library/PrivateFrameworks/EFILogin.framework/Versions/A/EFILogin
0x000000001b326000 	/usr/lib/libutil.dylib
0x000000001b326000 	/System/Library/Frameworks/LDAP.framework/Versions/A/LDAP
0x000000001b326000 	/usr/lib/libsasl2.2.dylib
0x000000001b326000 	/System/Library/PrivateFrameworks/CoreDaemon.framework/Versions/B/CoreDaemon
0x000000001b326000 	/System/Library/PrivateFrameworks/AppleSRP.framework/Versions/A/AppleSRP
0x000000001b326000 	/System/Library/PrivateFrameworks/APFS.framework/Versions/A/APFS
0x000000001b326000 	/System/Library/PrivateFrameworks/ViewBridge.framework/Versions/A/ViewBridge
0x000000001b326000 	/System/Library/PrivateFrameworks/XPCService.framework/Versions/A/XPCService
0x000000001b326000 	/System/Library/PrivateFrameworks/AppSandbox.framework/Versions/A/AppSandbox
0x000000012c6ab000 	/usr/lib/libsandbox.1.dylib
0x000000001b326000 	/usr/lib/libMatch.1.dylib
0x000000012c1f7000 	/Library/Java/JavaVirtualMachines/jdk1.8.0_101.jdk/Contents/Home/jre/lib/libfontmanager.dylib
0x000000012c25e000 	/private/var/folders/71/9rzh_t616g7bwyq7f6pt_14r0000gn/T/libgdxalbertzhan/f7649394/liblwjgl.dylib
0x000000012894c000 	/Library/Java/JavaVirtualMachines/jdk1.8.0_101.jdk/Contents/Home/jre/lib/libjawt.dylib
0x000000012c2e0000 	/var/folders/71/9rzh_t616g7bwyq7f6pt_14r0000gn/T/libgdxalbertzhan/f7649394/openal.dylib
0x000000012c6fc000 	/System/Library/Components/CoreAudio.component/Contents/MacOS/CoreAudio
0x000000012ac3c000 	/System/Library/Extensions/AppleHDA.kext/Contents/PlugIns/AppleHDAHALPlugIn.bundle/Contents/MacOS/AppleHDAHALPlugIn
0x000000012fe13000 	/private/var/folders/71/9rzh_t616g7bwyq7f6pt_14r0000gn/T/libgdxalbertzhan/cb5fdeb8/libgdx-bullet64.dylib

VM Arguments:
jvm_args: -Dfile.encoding=UTF-8 
java_command: com.albert.tron.desktop.DesktopLauncher
java_class_path (initial): /Users/albertzhan/GitHub/Tron Legacy- Game of Ship/desktop/bin:/Users/albertzhan/GitHub/Tron Legacy- Game of Ship/core/bin:/Users/albertzhan/.gradle/caches/modules-2/files-2.1/com.badlogicgames.gdx/gdx/1.9.5/dc65bb2f51828c58b1b2b3ac585357204d54ee5f/gdx-1.9.5.jar:/Users/albertzhan/.gradle/caches/modules-2/files-2.1/com.badlogicgames.gdx/gdx-box2d/1.9.5/c8098219abfe00b849cc43d461b1105fea3a2944/gdx-box2d-1.9.5.jar:/Users/albertzhan/.gradle/caches/modules-2/files-2.1/com.badlogicgames.gdx/gdx-bullet/1.9.5/2ef2d55ac157d182dbef90568f94cc2f7775eaed/gdx-bullet-1.9.5.jar:/Users/albertzhan/.gradle/caches/modules-2/files-2.1/com.badlogicgames.gdx/gdx-backend-lwjgl/1.9.5/ad5223b755809a92f44e7f6208f4af6a3b39dcc0/gdx-backend-lwjgl-1.9.5.jar:/Users/albertzhan/.gradle/caches/modules-2/files-2.1/com.badlogicgames.gdx/gdx-platform/1.9.5/bc0c7ee7fca96eb3c691b5a87cf11fd4d9f1bab6/gdx-platform-1.9.5-natives-desktop.jar:/Users/albertzhan/.gradle/caches/modules-2/files-2.1/com.badlogicgames.gdx/gdx-box2d-platform/1.9.5/949c188c91f775dd9f17725989dfc20e1be44f76/gdx-box2d-platform-1.9.5-natives-desktop.jar:/Users/albertzhan/.gradle/caches/modules-2/files-2.1/com.badlogicgames.gdx/gdx-bullet-platform/1.9.5/504246f6c370d7197b41a26f25d1b36d6fdc1a9b/gdx-bullet-platform-1.9.5-natives-desktop.jar:/Users/albertzhan/.gradle/caches/modules-2/files-2.1/org.lwjgl.lwjgl/lwjgl/2.9.2/a9d80fe5935c7a9149f6584d9777cfd471f65489/lwjgl-2.9.2.jar:/Users/albertzhan/.gradle/caches/modules-2/files-2.1/org.lwjgl.lwjgl/lwjgl_util/2.9.2/4b9e37300a87799856e0bd15ed81663cdb6b0947/lwjgl_util-2.9.2.jar:/Users/albertzhan/.gradle/caches/modules-2/files-2.1/com.badlogicgames.jlayer/jlayer/1.0.1-gdx/7cca83cec5c1b2f011362f4d85aabd71a73b049d/jlayer-1.0.1-gdx.jar:/Users/albertzhan/.gradle/caches/modules-2/files-2.1/org.jcraft/jorbis/0.0.17/8872d22b293e8f5d7d56ff92be966e6dc28ebdc6/jorbis-0.0.17.jar:/Users/albertzhan/.gradle/caches/modules-2/files-2.1/org.lwjgl.lwjgl/lwjgl-platform/2.9.2/510c7d317f5e9e70
Launcher Type: SUN_STANDARD

Environment Variables:
PATH=/usr/bin:/bin:/usr/sbin:/sbin
SHELL=/bin/bash
DISPLAY=/private/tmp/com.apple.launchd.5ZqG06BEZS/org.macosforge.xquartz:0

Signal Handlers:
SIGSEGV: [libjvm.dylib+0x5af145], sa_mask[0]=11111111011111110111111111111111, sa_flags=SA_ONSTACK|SA_RESTART|SA_SIGINFO
SIGBUS: [libjvm.dylib+0x5af145], sa_mask[0]=11111111011111110111111111111111, sa_flags=SA_RESTART|SA_SIGINFO
SIGFPE: [libjvm.dylib+0x48694c], sa_mask[0]=11111111011111110111111111111111, sa_flags=SA_RESTART|SA_SIGINFO
SIGPIPE: [libjvm.dylib+0x48694c], sa_mask[0]=11111111011111110111111111111111, sa_flags=SA_RESTART|SA_SIGINFO
SIGXFSZ: [libjvm.dylib+0x48694c], sa_mask[0]=11111111011111110111111111111111, sa_flags=SA_RESTART|SA_SIGINFO
SIGILL: [libjvm.dylib+0x48694c], sa_mask[0]=11111111011111110111111111111111, sa_flags=SA_RESTART|SA_SIGINFO
SIGUSR1: SIG_DFL, sa_mask[0]=00000000000000000000000000000000, sa_flags=none
SIGUSR2: [libjvm.dylib+0x48646a], sa_mask[0]=00100000000000000000000000000000, sa_flags=SA_RESTART|SA_SIGINFO
SIGHUP: [libjvm.dylib+0x484a41], sa_mask[0]=11111111011111110111111111111111, sa_flags=SA_RESTART|SA_SIGINFO
SIGINT: [libjvm.dylib+0x484a41], sa_mask[0]=11111111011111110111111111111111, sa_flags=SA_RESTART|SA_SIGINFO
SIGTERM: [libjvm.dylib+0x484a41], sa_mask[0]=11111111011111110111111111111111, sa_flags=SA_RESTART|SA_SIGINFO
SIGQUIT: [libjvm.dylib+0x484a41], sa_mask[0]=11111111011111110111111111111111, sa_flags=SA_RESTART|SA_SIGINFO


---------------  S Y S T E M  ---------------

OS:Bsduname:Darwin 16.4.0 Darwin Kernel Version 16.4.0: Thu Dec 22 22:53:21 PST 2016; root:xnu-3789.41.3~3/RELEASE_X86_64 x86_64
rlimit: STACK 8192k, CORE 0k, NPROC 709, NOFILE 10240, AS infinity
load average:1.90 1.89 1.99

CPU:total 4 (2 cores per cpu, 2 threads per core) family 6 model 61 stepping 4, cmov, cx8, fxsr, mmx, sse, sse2, sse3, ssse3, sse4.1, sse4.2, popcnt, avx, avx2, aes, clmul, erms, 3dnowpref, lzcnt, ht, tsc, tscinvbit, bmi1, bmi2, adx

Memory: 4k page, physical 8388608k(22120k free)

/proc/meminfo:


vm_info: Java HotSpot(TM) 64-Bit Server VM (25.101-b13) for bsd-amd64 JRE (1.8.0_101-b13), built on Jun 22 2016 02:42:15 by "java_re" with gcc 4.2.1 (Based on Apple Inc. build 5658) (LLVM build 2336.11.00)

time: Thu Feb  2 19:54:38 2017
elapsed time: 3 seconds (0d 0h 0m 3s)

