#
# A fatal error has been detected by the Java Runtime Environment:
#
#  SIGSEGV (0xb) at pc=0x0000000129f3fc02, pid=2398, tid=0x0000000000010307
#
# JRE version: Java(TM) SE Runtime Environment (8.0_101-b13) (build 1.8.0_101-b13)
# Java VM: Java HotSpot(TM) 64-Bit Server VM (25.101-b13 mixed mode bsd-amd64 compressed oops)
# Problematic frame:
# C  [libgdx-bullet64.dylib+0x1ac02]  _ZN21btCollisionDispatcher13findAlgorithmEPK24btCollisionObjectWrapperS2_P20btPersistentManifold+0x22
#
# Failed to write core dump. Core dumps have been disabled. To enable core dumping, try "ulimit -c unlimited" before starting Java again
#
# If you would like to submit a bug report, please visit:
#   http://bugreport.java.com/bugreport/crash.jsp
# The crash happened outside the Java Virtual Machine in native code.
# See problematic frame for where to report the bug.
#

---------------  T H R E A D  ---------------

Current thread (0x00007fc09a227800):  JavaThread "LWJGL Application" [_thread_in_native, id=66311, stack(0x0000700007b57000,0x0000700007c57000)]

siginfo: si_signo: 11 (SIGSEGV), si_code: 1 (SEGV_MAPERR), si_addr: 0x0000000000000008

Registers:
RAX=0x00007fc098d81ee0, RBX=0x000000011036d810, RCX=0x0000000000000000, RDX=0x00007fc098d80e00
RSP=0x0000700007c56520, RBP=0x0000700007c56530, RSI=0x00007fc098d80e00, RDI=0x00007fc09a986200
R8 =0x00007fc098d80e00, R9 =0x00007fc098d81ee0, R10=0x0000000111dc99a8, R11=0x000000010a2e2b5b
R12=0x0000000000000000, R13=0x000000011036d810, R14=0x0000700007c56628, R15=0x00007fc09a227800
RIP=0x0000000129f3fc02, EFLAGS=0x0000000000010202, ERR=0x0000000000000004
  TRAPNO=0x000000000000000e

Top of Stack: (sp=0x0000700007c56520)
0x0000700007c56520:   00007fc09a986200 0000000000000000
0x0000700007c56530:   0000700007c565c8 0000000111dc99d4
0x0000700007c56540:   00007fc098d81ee0 0000700007c565e8
0x0000700007c56550:   00007fc09a227800 00007fc09a227800
0x0000700007c56560:   000000011036d810 0000700007c56628
0x0000700007c56570:   0000700007c565c8 0000000111dc9767
0x0000700007c56580:   0000000111dc9722 0000700007c56588
0x0000700007c56590:   000000011036d810 0000700007c56628
0x0000700007c565a0:   00000001101e6638 0000000000000000
0x0000700007c565b0:   000000011036d810 0000000000000000
0x0000700007c565c0:   0000700007c565e8 0000700007c56670
0x0000700007c565d0:   0000000111db9dd0 00000007963b2c48
0x0000700007c565e0:   0000000111dc3537 0000000796d4be30
0x0000700007c565f0:   00007fc098d81ee0 0000000796d4be30
0x0000700007c56600:   0000000796d4bca0 00007fc098d80e00
0x0000700007c56610:   0000000796d4bca0 00000007963b3040
0x0000700007c56620:   00007fc09a986200 00000007963b3040
0x0000700007c56630:   0000700007c56630 0000000110032adf
0x0000700007c56640:   0000700007c566a0 0000000110009aa8
0x0000700007c56650:   0000000000000000 0000000110032b30
0x0000700007c56660:   0000700007c565e8 0000700007c56690
0x0000700007c56670:   0000700007c566e8 0000000111dba040
0x0000700007c56680:   0000000000000000 0000000000000000
0x0000700007c56690:   0000000796d4be30 0000000796d4bca0
0x0000700007c566a0:   00000007963b3040 0000700007c566a8
0x0000700007c566b0:   000000011002bbe8 0000700007c56738
0x0000700007c566c0:   0000000110043a60 0000000000000000
0x0000700007c566d0:   000000011002bcd0 0000700007c56690
0x0000700007c566e0:   0000700007c56728 0000700007c56780
0x0000700007c566f0:   0000000111db9a90 0000000000000000
0x0000700007c56700:   0000000000000000 0000000000000000
0x0000700007c56710:   0000000000000000 0000000796d4bdd8 

Instructions: (pc=0x0000000129f3fc02)
0x0000000129f3fbe2:   89 e5 48 83 ec 10 48 89 d0 48 89 f2 48 c7 45 f0
0x0000000129f3fbf2:   00 00 00 00 48 89 7d f0 48 89 4d f8 48 8b 48 08
0x0000000129f3fc02:   48 63 49 08 48 8b 72 08 48 63 76 08 48 8d 34 f6
0x0000000129f3fc12:   48 c1 e6 05 48 01 fe 48 8b 7c ce 78 4c 8b 07 48 

Register to memory mapping:

RAX=0x00007fc098d81ee0 is an unknown value
RBX={method} {0x000000011036d810} 'btCollisionDispatcher_findAlgorithm__SWIG_1' '(JLcom/badlogic/gdx/physics/bullet/collision/btCollisionDispatcher;JLcom/badlogic/gdx/physics/bullet/collision/btCollisionObjectWrapper;JLcom/badlogic/gdx/physics/bullet/collision/btCollisionObjectWrapper;)J' in 'com/badlogic/gdx/physics/bullet/collision/CollisionJNI'
RCX=0x0000000000000000 is an unknown value
RDX=0x00007fc098d80e00 is an unknown value
RSP=0x0000700007c56520 is pointing into the stack for thread: 0x00007fc09a227800
RBP=0x0000700007c56530 is pointing into the stack for thread: 0x00007fc09a227800
RSI=0x00007fc098d80e00 is an unknown value
RDI=0x00007fc09a986200 is an unknown value
R8 =0x00007fc098d80e00 is an unknown value
R9 =0x00007fc098d81ee0 is an unknown value
R10=0x0000000111dc99a8 is at code_begin+808 in an Interpreter codelet
method entry point (kind = native)  [0x0000000111dc9680, 0x0000000111dc9f80]  2304 bytes
R11=0x000000010a2e2b5b: throw_unsatisfied_link_error+0 in /Library/Java/JavaVirtualMachines/jdk1.8.0_101.jdk/Contents/Home/jre/lib/server/libjvm.dylib at 0x0000000109e00000
R12=0x0000000000000000 is an unknown value
R13={method} {0x000000011036d810} 'btCollisionDispatcher_findAlgorithm__SWIG_1' '(JLcom/badlogic/gdx/physics/bullet/collision/btCollisionDispatcher;JLcom/badlogic/gdx/physics/bullet/collision/btCollisionObjectWrapper;JLcom/badlogic/gdx/physics/bullet/collision/btCollisionObjectWrapper;)J' in 'com/badlogic/gdx/physics/bullet/collision/CollisionJNI'
R14=0x0000700007c56628 is pointing into the stack for thread: 0x00007fc09a227800
R15=0x00007fc09a227800 is a thread


Stack: [0x0000700007b57000,0x0000700007c57000],  sp=0x0000700007c56520,  free space=1021k
Native frames: (J=compiled Java code, j=interpreted, Vv=VM code, C=native code)
C  [libgdx-bullet64.dylib+0x1ac02]  _ZN21btCollisionDispatcher13findAlgorithmEPK24btCollisionObjectWrapperS2_P20btPersistentManifold+0x22
j  com.badlogic.gdx.physics.bullet.collision.CollisionJNI.btCollisionDispatcher_findAlgorithm__SWIG_1(JLcom/badlogic/gdx/physics/bullet/collision/btCollisionDispatcher;JLcom/badlogic/gdx/physics/bullet/collision/btCollisionObjectWrapper;JLcom/badlogic/gdx/physics/bullet/collision/btCollisionObjectWrapper;)J+0
j  com.badlogic.gdx.physics.bullet.collision.btCollisionDispatcher.findAlgorithm(Lcom/badlogic/gdx/physics/bullet/collision/btCollisionObjectWrapper;Lcom/badlogic/gdx/physics/bullet/collision/btCollisionObjectWrapper;)Lcom/badlogic/gdx/physics/bullet/collision/btCollisionAlgorithm;+15
j  com.albert.tron.Tron.checkCollision(Lcom/badlogic/gdx/physics/bullet/collision/btCollisionObject;Lcom/badlogic/gdx/physics/bullet/collision/btCollisionObject;)Z+32
j  com.albert.tron.Tron.handleCollisionsShip(Lcom/albert/tron/Ship;)V+24
j  com.albert.tron.Tron.handleCollisions()V+5
j  com.albert.tron.Tron.render()V+45
j  com.badlogic.gdx.backends.lwjgl.LwjglApplication.mainLoop()V+698
j  com.badlogic.gdx.backends.lwjgl.LwjglApplication$1.run()V+27
v  ~StubRoutines::call_stub
V  [libjvm.dylib+0x2ecf06]
V  [libjvm.dylib+0x2ed694]
V  [libjvm.dylib+0x2ed840]
V  [libjvm.dylib+0x348029]
V  [libjvm.dylib+0x5695ab]
V  [libjvm.dylib+0x56ac98]
V  [libjvm.dylib+0x48933a]
C  [libsystem_pthread.dylib+0x3aab]  _pthread_body+0xb4
C  [libsystem_pthread.dylib+0x39f7]  _pthread_body+0x0
C  [libsystem_pthread.dylib+0x31fd]  thread_start+0xd
C  0x0000000000000000

Java frames: (J=compiled Java code, j=interpreted, Vv=VM code)
j  com.badlogic.gdx.physics.bullet.collision.CollisionJNI.btCollisionDispatcher_findAlgorithm__SWIG_1(JLcom/badlogic/gdx/physics/bullet/collision/btCollisionDispatcher;JLcom/badlogic/gdx/physics/bullet/collision/btCollisionObjectWrapper;JLcom/badlogic/gdx/physics/bullet/collision/btCollisionObjectWrapper;)J+0
j  com.badlogic.gdx.physics.bullet.collision.btCollisionDispatcher.findAlgorithm(Lcom/badlogic/gdx/physics/bullet/collision/btCollisionObjectWrapper;Lcom/badlogic/gdx/physics/bullet/collision/btCollisionObjectWrapper;)Lcom/badlogic/gdx/physics/bullet/collision/btCollisionAlgorithm;+15
j  com.albert.tron.Tron.checkCollision(Lcom/badlogic/gdx/physics/bullet/collision/btCollisionObject;Lcom/badlogic/gdx/physics/bullet/collision/btCollisionObject;)Z+32
j  com.albert.tron.Tron.handleCollisionsShip(Lcom/albert/tron/Ship;)V+24
j  com.albert.tron.Tron.handleCollisions()V+5
j  com.albert.tron.Tron.render()V+45
j  com.badlogic.gdx.backends.lwjgl.LwjglApplication.mainLoop()V+698
j  com.badlogic.gdx.backends.lwjgl.LwjglApplication$1.run()V+27
v  ~StubRoutines::call_stub

---------------  P R O C E S S  ---------------

Java Threads: ( => current thread )
  0x00007fc09a007800 JavaThread "DestroyJavaVM" [_thread_blocked, id=7171, stack(0x000070000699b000,0x0000700006a9b000)]
=>0x00007fc09a227800 JavaThread "LWJGL Application" [_thread_in_native, id=66311, stack(0x0000700007b57000,0x0000700007c57000)]
  0x00007fc099201800 JavaThread "AWT-Shutdown" [_thread_blocked, id=29727, stack(0x0000700007848000,0x0000700007948000)]
  0x00007fc09a8ca800 JavaThread "AppKit Thread" daemon [_thread_in_native, id=775, stack(0x00007fff56918000,0x00007fff57118000)]
  0x00007fc09a03a800 JavaThread "Service Thread" daemon [_thread_blocked, id=18691, stack(0x00007000075bf000,0x00007000076bf000)]
  0x00007fc09a03d000 JavaThread "C1 CompilerThread2" daemon [_thread_blocked, id=18179, stack(0x00007000074bc000,0x00007000075bc000)]
  0x00007fc09a03c800 JavaThread "C2 CompilerThread1" daemon [_thread_in_native, id=17667, stack(0x00007000073b9000,0x00007000074b9000)]
  0x00007fc09a03a000 JavaThread "C2 CompilerThread0" daemon [_thread_in_native, id=17155, stack(0x00007000072b6000,0x00007000073b6000)]
  0x00007fc09a04d000 JavaThread "Signal Dispatcher" daemon [_thread_blocked, id=16643, stack(0x00007000071b3000,0x00007000072b3000)]
  0x00007fc09a005800 JavaThread "Finalizer" daemon [_thread_blocked, id=12547, stack(0x00007000070b0000,0x00007000071b0000)]
  0x00007fc099008000 JavaThread "Reference Handler" daemon [_thread_blocked, id=12035, stack(0x0000700006fad000,0x00007000070ad000)]

Other Threads:
  0x00007fc09a812000 VMThread [stack: 0x0000700006eaa000,0x0000700006faa000] [id=11523]
  0x00007fc09a81c000 WatcherThread [stack: 0x00007000076c2000,0x00007000077c2000] [id=19203]

VM state:not at safepoint (normal execution)

VM Mutex/Monitor currently owned by a thread: None

Heap:
 PSYoungGen      total 38400K, used 24645K [0x0000000795580000, 0x0000000798000000, 0x00000007c0000000)
  eden space 33280K, 74% used [0x0000000795580000,0x0000000796d91598,0x0000000797600000)
  from space 5120K, 0% used [0x0000000797b00000,0x0000000797b00000,0x0000000798000000)
  to   space 5120K, 0% used [0x0000000797600000,0x0000000797600000,0x0000000797b00000)
 ParOldGen       total 87552K, used 0K [0x0000000740000000, 0x0000000745580000, 0x0000000795580000)
  object space 87552K, 0% used [0x0000000740000000,0x0000000740000000,0x0000000745580000)
 Metaspace       used 9275K, capacity 9443K, committed 9728K, reserved 1058816K
  class space    used 854K, capacity 920K, committed 1024K, reserved 1048576K

Card table byte_map: [0x000000010b15d000,0x000000010b55e000] byte_map_base: 0x000000010775d000

Marking Bits: (ParMarkBitMap*) 0x000000010a6edd20
 Begin Bits: [0x000000010b809000, 0x000000010d809000)
 End Bits:   [0x000000010d809000, 0x000000010f809000)

Polling page: 0x0000000108b10000

CodeCache: size=245760Kb used=3232Kb max_used=3244Kb free=242527Kb
 bounds [0x0000000111db2000, 0x00000001120e2000, 0x0000000120db2000]
 total_blobs=1426 nmethods=737 adapters=603
 compilation: enabled

Compilation events (10 events):
Event: 1.084 Thread 0x00007fc09a03d000 nmethod 734 0x00000001120d5790 code [0x00000001120d5900, 0x00000001120d5ab0]
Event: 1.084 Thread 0x00007fc09a03d000  736       3       com.badlogic.gdx.graphics.g3d.Attributes::set (51 bytes)
Event: 1.085 Thread 0x00007fc09a03d000 nmethod 736 0x00000001120d5b50 code [0x00000001120d5d00, 0x00000001120d6358]
Event: 1.085 Thread 0x00007fc09a03d000  737       3       com.badlogic.gdx.graphics.g3d.Attributes::indexOf (50 bytes)
Event: 1.085 Thread 0x00007fc09a03d000 nmethod 737 0x00000001120d6590 code [0x00000001120d6720, 0x00000001120d6ce8]
Event: 1.085 Thread 0x00007fc09a03d000  738       3       com.badlogic.gdx.math.Vector3::<init> (13 bytes)
Event: 1.085 Thread 0x00007fc09a03d000 nmethod 738 0x00000001120d6e90 code [0x00000001120d7000, 0x00000001120d7230]
Event: 1.087 Thread 0x00007fc09a03d000  739       1       java.nio.Buffer::remaining (10 bytes)
Event: 1.087 Thread 0x00007fc09a03d000 nmethod 739 0x00000001120d7350 code [0x00000001120d74a0, 0x00000001120d75b0]
Event: 1.090 Thread 0x00007fc09a03d000  740  s    3       java.util.Vector::elementAt (48 bytes)

GC Heap History (0 events):
No events

Deoptimization events (7 events):
Event: 0.152 Thread 0x00007fc09a007800 Uncommon trap: reason=unstable_if action=reinterpret pc=0x0000000111efb56c method=java.lang.String.indexOf([CII[CIII)I @ 134
Event: 0.152 Thread 0x00007fc09a007800 Uncommon trap: reason=unstable_if action=reinterpret pc=0x0000000111ef265c method=java.lang.String.indexOf([CII[CIII)I @ 123
Event: 0.768 Thread 0x00007fc09a227800 Uncommon trap: reason=unstable_if action=reinterpret pc=0x0000000111f9b02c method=java.lang.String.<init>([CII)V @ 18
Event: 0.777 Thread 0x00007fc09a227800 Uncommon trap: reason=unstable_if action=reinterpret pc=0x0000000111f55ec4 method=java.lang.String.replace(CC)Ljava/lang/String; @ 26
Event: 1.016 Thread 0x00007fc09a227800 Uncommon trap: reason=unstable_if action=reinterpret pc=0x00000001120982d4 method=java.util.regex.Pattern$Start.match(Ljava/util/regex/Matcher;ILjava/lang/CharSequence;)Z @ 10
Event: 1.028 Thread 0x00007fc09a227800 Uncommon trap: reason=unstable_if action=reinterpret pc=0x00000001120b9b2c method=java.io.BufferedReader.readLine(Z)Ljava/lang/String; @ 153
Event: 1.069 Thread 0x00007fc09a227800 Uncommon trap: reason=unstable_if action=reinterpret pc=0x00000001120c12cc method=sun.misc.FDBigInteger.leftShift(I)Lsun/misc/FDBigInteger; @ 26

Internal exceptions (10 events):
Event: 0.246 Thread 0x00007fc09a007800 Exception <a 'java/lang/NoSuchFieldError': method resolution failed> (0x0000000795accc10) thrown at [/HUDSON3/workspace/8-2-build-macosx-x86_64/jdk8u101/7261/hotspot/src/share/vm/prims/methodHandles.cpp, line 1146]
Event: 0.248 Thread 0x00007fc09a007800 Exception <a 'java/lang/NoSuchFieldError': method resolution failed> (0x0000000795ada360) thrown at [/HUDSON3/workspace/8-2-build-macosx-x86_64/jdk8u101/7261/hotspot/src/share/vm/prims/methodHandles.cpp, line 1146]
Event: 0.432 Thread 0x00007fc09a007800 Exception <a 'java/io/FileNotFoundException'> (0x0000000795b553d8) thrown at [/HUDSON3/workspace/8-2-build-macosx-x86_64/jdk8u101/7261/hotspot/src/share/vm/prims/jni.cpp, line 709]
Event: 0.432 Thread 0x00007fc09a007800 Exception <a 'java/io/FileNotFoundException'> (0x0000000795b55f60) thrown at [/HUDSON3/workspace/8-2-build-macosx-x86_64/jdk8u101/7261/hotspot/src/share/vm/prims/jni.cpp, line 709]
Event: 0.446 Thread 0x00007fc09a007800 Exception <a 'java/security/PrivilegedActionException'> (0x0000000795c1b450) thrown at [/HUDSON3/workspace/8-2-build-macosx-x86_64/jdk8u101/7261/hotspot/src/share/vm/prims/jvm.cpp, line 1386]
Event: 0.447 Thread 0x00007fc09a007800 Exception <a 'java/security/PrivilegedActionException'> (0x0000000795c1d038) thrown at [/HUDSON3/workspace/8-2-build-macosx-x86_64/jdk8u101/7261/hotspot/src/share/vm/prims/jvm.cpp, line 1386]
Event: 0.447 Thread 0x00007fc09a007800 Exception <a 'java/security/PrivilegedActionException'> (0x0000000795c1e158) thrown at [/HUDSON3/workspace/8-2-build-macosx-x86_64/jdk8u101/7261/hotspot/src/share/vm/prims/jvm.cpp, line 1386]
Event: 0.447 Thread 0x00007fc09a007800 Exception <a 'java/security/PrivilegedActionException'> (0x0000000795c23278) thrown at [/HUDSON3/workspace/8-2-build-macosx-x86_64/jdk8u101/7261/hotspot/src/share/vm/prims/jvm.cpp, line 1386]
Event: 0.447 Thread 0x00007fc09a007800 Exception <a 'java/security/PrivilegedActionException'> (0x0000000795c23ed0) thrown at [/HUDSON3/workspace/8-2-build-macosx-x86_64/jdk8u101/7261/hotspot/src/share/vm/prims/jvm.cpp, line 1386]
Event: 0.447 Thread 0x00007fc09a007800 Exception <a 'java/security/PrivilegedActionException'> (0x0000000795c24af8) thrown at [/HUDSON3/workspace/8-2-build-macosx-x86_64/jdk8u101/7261/hotspot/src/share/vm/prims/jvm.cpp, line 1386]

Events (10 events):
Event: 1.084 loading class com/badlogic/gdx/math/Frustum
Event: 1.084 loading class com/badlogic/gdx/math/Frustum done
Event: 1.085 loading class com/badlogic/gdx/math/Plane
Event: 1.085 loading class com/badlogic/gdx/math/Plane done
Event: 1.086 loading class com/badlogic/gdx/math/collision/Ray
Event: 1.086 loading class com/badlogic/gdx/math/collision/Ray done
Event: 1.088 loading class com/badlogic/gdx/physics/bullet/collision/CollisionObjectWrapper
Event: 1.088 loading class com/badlogic/gdx/physics/bullet/collision/CollisionObjectWrapper done
Event: 1.089 loading class com/badlogic/gdx/physics/bullet/collision/btCollisionObjectWrapper
Event: 1.089 loading class com/badlogic/gdx/physics/bullet/collision/btCollisionObjectWrapper done


Dynamic libraries:
0x000000001b326000 	/System/Library/Frameworks/Cocoa.framework/Versions/A/Cocoa
0x000000001b326000 	/System/Library/Frameworks/Security.framework/Versions/A/Security
0x000000001b326000 	/System/Library/Frameworks/ApplicationServices.framework/Versions/A/ApplicationServices
0x000000001b326000 	/usr/lib/libz.1.dylib
0x0000000108b06000 	/usr/lib/libSystem.B.dylib
0x000000001b326000 	/usr/lib/libobjc.A.dylib
0x000000001b326000 	/System/Library/Frameworks/CoreFoundation.framework/Versions/A/CoreFoundation
0x000000001b326000 	/System/Library/Frameworks/Foundation.framework/Versions/C/Foundation
0x000000001b326000 	/System/Library/Frameworks/AppKit.framework/Versions/C/AppKit
0x000000001b326000 	/System/Library/Frameworks/CoreData.framework/Versions/A/CoreData
0x000000001b326000 	/System/Library/PrivateFrameworks/RemoteViewServices.framework/Versions/A/RemoteViewServices
0x000000001b326000 	/System/Library/PrivateFrameworks/UIFoundation.framework/Versions/A/UIFoundation
0x000000001b326000 	/System/Library/PrivateFrameworks/DFRFoundation.framework/Versions/A/DFRFoundation
0x000000001b326000 	/usr/lib/libenergytrace.dylib
0x000000001b326000 	/System/Library/PrivateFrameworks/SkyLight.framework/Versions/A/SkyLight
0x000000001b326000 	/System/Library/Frameworks/CoreGraphics.framework/Versions/A/CoreGraphics
0x000000001b326000 	/usr/lib/libScreenReader.dylib
0x000000001b326000 	/System/Library/Frameworks/Accelerate.framework/Versions/A/Accelerate
0x000000001b326000 	/System/Library/Frameworks/IOSurface.framework/Versions/A/IOSurface
0x000000001b326000 	/System/Library/Frameworks/AudioToolbox.framework/Versions/A/AudioToolbox
0x000000001b326000 	/System/Library/Frameworks/AudioUnit.framework/Versions/A/AudioUnit
0x000000001b326000 	/System/Library/PrivateFrameworks/DataDetectorsCore.framework/Versions/A/DataDetectorsCore
0x000000001b326000 	/System/Library/PrivateFrameworks/DesktopServicesPriv.framework/Versions/A/DesktopServicesPriv
0x000000001b326000 	/System/Library/Frameworks/Carbon.framework/Versions/A/Frameworks/HIToolbox.framework/Versions/A/HIToolbox
0x000000001b326000 	/usr/lib/libicucore.A.dylib
0x000000001b326000 	/System/Library/Frameworks/QuartzCore.framework/Versions/A/QuartzCore
0x000000001b326000 	/System/Library/Frameworks/Carbon.framework/Versions/A/Frameworks/SpeechRecognition.framework/Versions/A/SpeechRecognition
0x000000001b326000 	/usr/lib/libauto.dylib
0x000000001b326000 	/usr/lib/libxml2.2.dylib
0x000000001b326000 	/System/Library/PrivateFrameworks/CoreUI.framework/Versions/A/CoreUI
0x000000001b326000 	/System/Library/Frameworks/CoreAudio.framework/Versions/A/CoreAudio
0x000000001b326000 	/System/Library/Frameworks/DiskArbitration.framework/Versions/A/DiskArbitration
0x000000001b326000 	/usr/lib/liblangid.dylib
0x000000001b326000 	/System/Library/PrivateFrameworks/MultitouchSupport.framework/Versions/A/MultitouchSupport
0x0000000108b14000 	/System/Library/Frameworks/IOKit.framework/Versions/A/IOKit
0x000000001b326000 	/usr/lib/libDiagnosticMessagesClient.dylib
0x000000001b326000 	/System/Library/Frameworks/CoreServices.framework/Versions/A/CoreServices
0x000000001b326000 	/System/Library/PrivateFrameworks/PerformanceAnalysis.framework/Versions/A/PerformanceAnalysis
0x000000001b326000 	/System/Library/PrivateFrameworks/GenerationalStorage.framework/Versions/A/GenerationalStorage
0x000000001b326000 	/System/Library/Frameworks/OpenGL.framework/Versions/A/OpenGL
0x000000001b326000 	/System/Library/Frameworks/CoreImage.framework/Versions/A/CoreImage
0x000000001b326000 	/System/Library/Frameworks/CoreText.framework/Versions/A/CoreText
0x000000001b326000 	/System/Library/Frameworks/ImageIO.framework/Versions/A/ImageIO
0x000000001b326000 	/System/Library/PrivateFrameworks/Backup.framework/Versions/A/Backup
0x000000001b326000 	/usr/lib/libarchive.2.dylib
0x0000000108bf0000 	/System/Library/Frameworks/CFNetwork.framework/Versions/A/CFNetwork
0x000000001b326000 	/System/Library/Frameworks/SystemConfiguration.framework/Versions/A/SystemConfiguration
0x000000001b326000 	/usr/lib/libCRFSuite.dylib
0x000000001b326000 	/usr/lib/libc++.1.dylib
0x000000001b326000 	/usr/lib/libc++abi.dylib
0x000000001b326000 	/usr/lib/system/libcache.dylib
0x000000001b326000 	/usr/lib/system/libcommonCrypto.dylib
0x000000001b326000 	/usr/lib/system/libcompiler_rt.dylib
0x000000001b326000 	/usr/lib/system/libcopyfile.dylib
0x000000001b326000 	/usr/lib/system/libcorecrypto.dylib
0x000000001b326000 	/usr/lib/system/libdispatch.dylib
0x00000001092dc000 	/usr/lib/system/libdyld.dylib
0x000000001b326000 	/usr/lib/system/libkeymgr.dylib
0x000000001b326000 	/usr/lib/system/liblaunch.dylib
0x000000001b326000 	/usr/lib/system/libmacho.dylib
0x000000001b326000 	/usr/lib/system/libquarantine.dylib
0x000000001b326000 	/usr/lib/system/libremovefile.dylib
0x000000001b326000 	/usr/lib/system/libsystem_asl.dylib
0x000000001b326000 	/usr/lib/system/libsystem_blocks.dylib
0x000000001b326000 	/usr/lib/system/libsystem_c.dylib
0x000000001b326000 	/usr/lib/system/libsystem_configuration.dylib
0x000000001b326000 	/usr/lib/system/libsystem_coreservices.dylib
0x00000001092ef000 	/usr/lib/system/libsystem_coretls.dylib
0x000000001b326000 	/usr/lib/system/libsystem_dnssd.dylib
0x000000001b326000 	/usr/lib/system/libsystem_info.dylib
0x0000000109314000 	/usr/lib/system/libsystem_kernel.dylib
0x000000001b326000 	/usr/lib/system/libsystem_m.dylib
0x000000001b326000 	/usr/lib/system/libsystem_malloc.dylib
0x000000001b326000 	/usr/lib/system/libsystem_network.dylib
0x0000000109352000 	/usr/lib/system/libsystem_networkextension.dylib
0x000000001b326000 	/usr/lib/system/libsystem_notify.dylib
0x000000001b326000 	/usr/lib/system/libsystem_platform.dylib
0x000000001b326000 	/usr/lib/system/libsystem_pthread.dylib
0x0000000109369000 	/usr/lib/system/libsystem_sandbox.dylib
0x000000001b326000 	/usr/lib/system/libsystem_secinit.dylib
0x0000000109378000 	/usr/lib/system/libsystem_symptoms.dylib
0x0000000109388000 	/usr/lib/system/libsystem_trace.dylib
0x000000001b326000 	/usr/lib/system/libunwind.dylib
0x000000001b326000 	/usr/lib/system/libxpc.dylib
0x000000001b326000 	/usr/lib/libbsm.0.dylib
0x00000001093c4000 	/usr/lib/system/libkxld.dylib
0x000000001b326000 	/usr/lib/libcoretls.dylib
0x000000001b326000 	/usr/lib/libcoretls_cfhelpers.dylib
0x000000001b326000 	/usr/lib/libxar.1.dylib
0x000000001b326000 	/usr/lib/libsqlite3.dylib
0x000000001b326000 	/usr/lib/libpam.2.dylib
0x000000001b326000 	/usr/lib/libOpenScriptingUtil.dylib
0x000000001b326000 	/usr/lib/libbz2.1.0.dylib
0x000000001b326000 	/usr/lib/liblzma.5.dylib
0x000000001b326000 	/usr/lib/libnetwork.dylib
0x000000001b326000 	/usr/lib/libpcap.A.dylib
0x000000001b326000 	/System/Library/Frameworks/CoreServices.framework/Versions/A/Frameworks/FSEvents.framework/Versions/A/FSEvents
0x000000001b326000 	/System/Library/Frameworks/CoreServices.framework/Versions/A/Frameworks/CarbonCore.framework/Versions/A/CarbonCore
0x000000001b326000 	/System/Library/Frameworks/CoreServices.framework/Versions/A/Frameworks/Metadata.framework/Versions/A/Metadata
0x000000001b326000 	/System/Library/Frameworks/CoreServices.framework/Versions/A/Frameworks/OSServices.framework/Versions/A/OSServices
0x000000001b326000 	/System/Library/Frameworks/CoreServices.framework/Versions/A/Frameworks/SearchKit.framework/Versions/A/SearchKit
0x000000001b326000 	/System/Library/Frameworks/CoreServices.framework/Versions/A/Frameworks/AE.framework/Versions/A/AE
0x000000001b326000 	/System/Library/Frameworks/CoreServices.framework/Versions/A/Frameworks/LaunchServices.framework/Versions/A/LaunchServices
0x000000001b326000 	/System/Library/Frameworks/CoreServices.framework/Versions/A/Frameworks/DictionaryServices.framework/Versions/A/DictionaryServices
0x000000001b326000 	/System/Library/Frameworks/CoreServices.framework/Versions/A/Frameworks/SharedFileList.framework/Versions/A/SharedFileList
0x000000001b326000 	/System/Library/Frameworks/NetFS.framework/Versions/A/NetFS
0x000000001b326000 	/System/Library/PrivateFrameworks/NetAuth.framework/Versions/A/NetAuth
0x000000001b326000 	/System/Library/PrivateFrameworks/login.framework/Versions/A/Frameworks/loginsupport.framework/Versions/A/loginsupport
0x000000001b326000 	/System/Library/PrivateFrameworks/TCC.framework/Versions/A/TCC
0x000000001b326000 	/usr/lib/libmecabra.dylib
0x000000001b326000 	/System/Library/Frameworks/ApplicationServices.framework/Versions/A/Frameworks/ATS.framework/Versions/A/ATS
0x000000001b326000 	/System/Library/Frameworks/ApplicationServices.framework/Versions/A/Frameworks/ColorSync.framework/Versions/A/ColorSync
0x000000001b326000 	/System/Library/Frameworks/ApplicationServices.framework/Versions/A/Frameworks/HIServices.framework/Versions/A/HIServices
0x000000001b326000 	/System/Library/Frameworks/ApplicationServices.framework/Versions/A/Frameworks/LangAnalysis.framework/Versions/A/LangAnalysis
0x000000001b326000 	/System/Library/Frameworks/ApplicationServices.framework/Versions/A/Frameworks/PrintCore.framework/Versions/A/PrintCore
0x000000001b326000 	/System/Library/Frameworks/ApplicationServices.framework/Versions/A/Frameworks/QD.framework/Versions/A/QD
0x000000001b326000 	/System/Library/Frameworks/ApplicationServices.framework/Versions/A/Frameworks/SpeechSynthesis.framework/Versions/A/SpeechSynthesis
0x000000001b326000 	/System/Library/Frameworks/Accelerate.framework/Versions/A/Frameworks/vImage.framework/Versions/A/vImage
0x000000001b326000 	/System/Library/Frameworks/Accelerate.framework/Versions/A/Frameworks/vecLib.framework/Versions/A/vecLib
0x000000001b326000 	/System/Library/Frameworks/Accelerate.framework/Versions/A/Frameworks/vecLib.framework/Versions/A/libvDSP.dylib
0x000000001b326000 	/System/Library/Frameworks/Accelerate.framework/Versions/A/Frameworks/vecLib.framework/Versions/A/libBNNS.dylib
0x000000001b326000 	/System/Library/Frameworks/Accelerate.framework/Versions/A/Frameworks/vecLib.framework/Versions/A/libQuadrature.dylib
0x000000001b326000 	/System/Library/Frameworks/Accelerate.framework/Versions/A/Frameworks/vecLib.framework/Versions/A/libvMisc.dylib
0x000000001b326000 	/System/Library/Frameworks/Accelerate.framework/Versions/A/Frameworks/vecLib.framework/Versions/A/libLAPACK.dylib
0x000000001b326000 	/System/Library/Frameworks/Accelerate.framework/Versions/A/Frameworks/vecLib.framework/Versions/A/libBLAS.dylib
0x000000001b326000 	/System/Library/Frameworks/Accelerate.framework/Versions/A/Frameworks/vecLib.framework/Versions/A/libLinearAlgebra.dylib
0x000000001b326000 	/System/Library/Frameworks/Accelerate.framework/Versions/A/Frameworks/vecLib.framework/Versions/A/libSparseBLAS.dylib
0x000000001b326000 	/System/Library/Frameworks/ApplicationServices.framework/Versions/A/Frameworks/ATS.framework/Versions/A/Resources/libFontParser.dylib
0x000000001b326000 	/System/Library/Frameworks/ApplicationServices.framework/Versions/A/Frameworks/ATS.framework/Versions/A/Resources/libFontRegistry.dylib
0x000000001b326000 	/System/Library/Frameworks/ImageIO.framework/Versions/A/Resources/libJPEG.dylib
0x000000001b326000 	/System/Library/Frameworks/ImageIO.framework/Versions/A/Resources/libTIFF.dylib
0x000000001b326000 	/System/Library/Frameworks/ImageIO.framework/Versions/A/Resources/libPng.dylib
0x000000001b326000 	/System/Library/Frameworks/ImageIO.framework/Versions/A/Resources/libGIF.dylib
0x000000001b326000 	/System/Library/Frameworks/ImageIO.framework/Versions/A/Resources/libJP2.dylib
0x000000001b326000 	/System/Library/Frameworks/ImageIO.framework/Versions/A/Resources/libRadiance.dylib
0x000000001b326000 	/usr/lib/libcompression.dylib
0x000000001b326000 	/System/Library/PrivateFrameworks/AppleJPEG.framework/Versions/A/AppleJPEG
0x000000001b326000 	/usr/lib/libcups.2.dylib
0x000000001b326000 	/System/Library/Frameworks/Kerberos.framework/Versions/A/Kerberos
0x000000001b326000 	/System/Library/Frameworks/GSS.framework/Versions/A/GSS
0x000000001b326000 	/usr/lib/libresolv.9.dylib
0x000000001b326000 	/usr/lib/libiconv.2.dylib
0x000000001b326000 	/System/Library/PrivateFrameworks/Heimdal.framework/Versions/A/Heimdal
0x000000001b326000 	/usr/lib/libheimdal-asn1.dylib
0x000000001b326000 	/System/Library/Frameworks/OpenDirectory.framework/Versions/A/OpenDirectory
0x000000001b326000 	/System/Library/PrivateFrameworks/CommonAuth.framework/Versions/A/CommonAuth
0x000000001b326000 	/System/Library/Frameworks/OpenDirectory.framework/Versions/A/Frameworks/CFOpenDirectory.framework/Versions/A/CFOpenDirectory
0x000000001b326000 	/System/Library/Frameworks/SecurityFoundation.framework/Versions/A/SecurityFoundation
0x000000001b326000 	/System/Library/PrivateFrameworks/LanguageModeling.framework/Versions/A/LanguageModeling
0x000000001b326000 	/usr/lib/libmarisa.dylib
0x000000001b326000 	/usr/lib/libChineseTokenizer.dylib
0x000000001b326000 	/usr/lib/libcmph.dylib
0x000000001b326000 	/System/Library/PrivateFrameworks/CoreEmoji.framework/Versions/A/CoreEmoji
0x000000001b326000 	/System/Library/Frameworks/ServiceManagement.framework/Versions/A/ServiceManagement
0x000000001b326000 	/usr/lib/libxslt.1.dylib
0x000000001b326000 	/System/Library/Frameworks/Carbon.framework/Versions/A/Frameworks/Ink.framework/Versions/A/Ink
0x000000001b326000 	/System/Library/PrivateFrameworks/TextureIO.framework/Versions/A/TextureIO
0x000000001b326000 	/System/Library/Frameworks/Metal.framework/Versions/A/Metal
0x000000001b326000 	/usr/lib/libate.dylib
0x000000001b326000 	/System/Library/PrivateFrameworks/GPUCompiler.framework/libmetal_timestamp.dylib
0x000000001b326000 	/System/Library/Frameworks/OpenGL.framework/Versions/A/Libraries/libCoreFSCache.dylib
0x000000001b326000 	/System/Library/PrivateFrameworks/IOAccelerator.framework/Versions/A/IOAccelerator
0x000000001b326000 	/System/Library/Frameworks/CoreVideo.framework/Versions/A/CoreVideo
0x000000001b326000 	/usr/lib/libFosl_dynamic.dylib
0x000000001b326000 	/System/Library/PrivateFrameworks/MetalPerformanceShaders.framework/Versions/A/MetalPerformanceShaders
0x000000001b326000 	/System/Library/PrivateFrameworks/FaceCore.framework/Versions/A/FaceCore
0x000000001b326000 	/System/Library/Frameworks/OpenCL.framework/Versions/A/OpenCL
0x000000001b326000 	/System/Library/Frameworks/OpenGL.framework/Versions/A/Libraries/libGLU.dylib
0x000000001b326000 	/System/Library/Frameworks/OpenGL.framework/Versions/A/Libraries/libGFXShared.dylib
0x000000001b326000 	/System/Library/Frameworks/OpenGL.framework/Versions/A/Libraries/libGL.dylib
0x000000001b326000 	/System/Library/Frameworks/OpenGL.framework/Versions/A/Libraries/libGLImage.dylib
0x000000001b326000 	/System/Library/Frameworks/OpenGL.framework/Versions/A/Libraries/libCVMSPluginSupport.dylib
0x000000001b326000 	/System/Library/Frameworks/OpenGL.framework/Versions/A/Libraries/libCoreVMClient.dylib
0x000000001b326000 	/System/Library/PrivateFrameworks/CrashReporterSupport.framework/Versions/A/CrashReporterSupport
0x000000001b326000 	/System/Library/PrivateFrameworks/Sharing.framework/Versions/A/Sharing
0x000000001b326000 	/System/Library/PrivateFrameworks/IconServices.framework/Versions/A/IconServices
0x000000001b326000 	/System/Library/PrivateFrameworks/ProtocolBuffer.framework/Versions/A/ProtocolBuffer
0x000000001b326000 	/System/Library/PrivateFrameworks/Apple80211.framework/Versions/A/Apple80211
0x000000001b326000 	/System/Library/Frameworks/CoreWLAN.framework/Versions/A/CoreWLAN
0x000000001b326000 	/System/Library/PrivateFrameworks/CoreUtils.framework/Versions/A/CoreUtils
0x000000001b326000 	/System/Library/Frameworks/IOBluetooth.framework/Versions/A/IOBluetooth
0x000000001b326000 	/System/Library/PrivateFrameworks/CoreWiFi.framework/Versions/A/CoreWiFi
0x000000001b326000 	/System/Library/Frameworks/CoreBluetooth.framework/Versions/A/CoreBluetooth
0x000000001b326000 	/System/Library/Frameworks/CoreDisplay.framework/Versions/A/CoreDisplay
0x000000001b326000 	/System/Library/PrivateFrameworks/IOPresentment.framework/Versions/A/IOPresentment
0x000000001b326000 	/System/Library/PrivateFrameworks/DebugSymbols.framework/Versions/A/DebugSymbols
0x000000001b326000 	/System/Library/PrivateFrameworks/CoreSymbolication.framework/Versions/A/CoreSymbolication
0x000000001b326000 	/System/Library/PrivateFrameworks/Symbolication.framework/Versions/A/Symbolication
0x000000001b326000 	/System/Library/PrivateFrameworks/AppleFSCompression.framework/Versions/A/AppleFSCompression
0x000000001b326000 	/System/Library/PrivateFrameworks/SpeechRecognitionCore.framework/Versions/A/SpeechRecognitionCore
0x000000001b326000 	/System/Library/PrivateFrameworks/ChunkingLibrary.framework/Versions/A/ChunkingLibrary
0x0000000109e00000 	/Library/Java/JavaVirtualMachines/jdk1.8.0_101.jdk/Contents/Home/jre/lib/server/libjvm.dylib
0x000000001b326000 	/usr/lib/libstdc++.6.dylib
0x0000000109432000 	/Library/Java/JavaVirtualMachines/jdk1.8.0_101.jdk/Contents/Home/jre/lib/libverify.dylib
0x0000000109440000 	/Library/Java/JavaVirtualMachines/jdk1.8.0_101.jdk/Contents/Home/jre/lib/libjava.dylib
0x000000010947d000 	/Library/Java/JavaVirtualMachines/jdk1.8.0_101.jdk/Contents/Home/jre/lib/libzip.dylib
0x000000011158e000 	/System/Library/Frameworks/JavaVM.framework/Frameworks/JavaRuntimeSupport.framework/JavaRuntimeSupport
0x00000001115a8000 	/System/Library/Frameworks/JavaVM.framework/Versions/A/Frameworks/JavaNativeFoundation.framework/Versions/A/JavaNativeFoundation
0x00000001115bd000 	/System/Library/Frameworks/JavaVM.framework/Versions/A/JavaVM
0x000000001b326000 	/System/Library/Frameworks/Carbon.framework/Versions/A/Carbon
0x00000001115ca000 	/System/Library/PrivateFrameworks/JavaLaunching.framework/Versions/A/JavaLaunching
0x000000001b326000 	/System/Library/Frameworks/Carbon.framework/Versions/A/Frameworks/CommonPanels.framework/Versions/A/CommonPanels
0x000000001b326000 	/System/Library/Frameworks/Carbon.framework/Versions/A/Frameworks/Help.framework/Versions/A/Help
0x000000001b326000 	/System/Library/Frameworks/Carbon.framework/Versions/A/Frameworks/ImageCapture.framework/Versions/A/ImageCapture
0x000000001b326000 	/System/Library/Frameworks/Carbon.framework/Versions/A/Frameworks/OpenScripting.framework/Versions/A/OpenScripting
0x000000001b326000 	/System/Library/Frameworks/Carbon.framework/Versions/A/Frameworks/Print.framework/Versions/A/Print
0x000000001b326000 	/System/Library/Frameworks/Carbon.framework/Versions/A/Frameworks/SecurityHI.framework/Versions/A/SecurityHI
0x0000000111652000 	/private/var/folders/71/9rzh_t616g7bwyq7f6pt_14r0000gn/T/libgdxalbertzhan/6c379ad2/libgdx64.dylib
0x00000001116a1000 	/Library/Java/JavaVirtualMachines/jdk1.8.0_101.jdk/Contents/Home/jre/lib/libawt.dylib
0x0000000111749000 	/Library/Java/JavaVirtualMachines/jdk1.8.0_101.jdk/Contents/Home/jre/lib/./libmlib_image.dylib
0x0000000111815000 	/Library/Java/JavaVirtualMachines/jdk1.8.0_101.jdk/Contents/Home/jre/lib/libawt_lwawt.dylib
0x00000001118ca000 	/Library/Java/JavaVirtualMachines/jdk1.8.0_101.jdk/Contents/Home/jre/lib/./libosxapp.dylib
0x000000001b326000 	/System/Library/Frameworks/ExceptionHandling.framework/Versions/A/ExceptionHandling
0x000000001b326000 	/System/Library/PrivateFrameworks/CoreServicesInternal.framework/Versions/A/CoreServicesInternal
0x000000001b326000 	/System/Library/CoreServices/RawCamera.bundle/Contents/MacOS/RawCamera
0x000000001b326000 	/System/Library/Frameworks/Accelerate.framework/Versions/A/Frameworks/vImage.framework/Versions/A/Libraries/libCGInterfaces.dylib
0x000000001b326000 	/System/Library/Frameworks/ApplicationServices.framework/Versions/A/Frameworks/ATS.framework/Versions/A/Resources/libTrueTypeScaler.dylib
0x0000000123f70000 	/System/Library/Frameworks/OpenGL.framework/Resources/GLEngine.bundle/GLEngine
0x0000000124154000 	/System/Library/Frameworks/OpenGL.framework/Versions/A/Libraries/libGLProgrammability.dylib
0x0000000124582000 	/System/Library/Extensions/AppleIntelBDWGraphicsGLDriver.bundle/Contents/MacOS/AppleIntelBDWGraphicsGLDriver
0x000000001b326000 	/System/Library/PrivateFrameworks/GPUSupport.framework/Versions/A/Libraries/libGPUSupportMercury.dylib
0x0000000124ce0000 	/System/Library/Frameworks/OpenGL.framework/Resources//GLRendererFloat.bundle/GLRendererFloat
0x000000001b326000 	/System/Library/Frameworks/OpenCL.framework/Versions/A/Libraries/libcldcpuengine.dylib
0x000000001b326000 	/usr/lib/libcrypto.0.9.8.dylib
0x000000001b326000 	/System/Library/PrivateFrameworks/TrustEvaluationAgent.framework/Versions/A/TrustEvaluationAgent
0x0000000124d14000 	/System/Library/Extensions/AppleIntelBDWGraphicsMTLDriver.bundle/Contents/MacOS/AppleIntelBDWGraphicsMTLDriver
0x000000001b326000 	/System/Library/PrivateFrameworks/FamilyControls.framework/Versions/A/FamilyControls
0x000000001b326000 	/System/Library/PrivateFrameworks/CommerceKit.framework/Versions/A/Frameworks/CommerceCore.framework/Versions/A/CommerceCore
0x000000001b326000 	/System/Library/PrivateFrameworks/SystemAdministration.framework/Versions/A/SystemAdministration
0x000000001b326000 	/System/Library/PrivateFrameworks/AppContainer.framework/Versions/A/AppContainer
0x000000001b326000 	/System/Library/PrivateFrameworks/SecCodeWrapper.framework/Versions/A/SecCodeWrapper
0x000000001b326000 	/System/Library/Frameworks/DirectoryService.framework/Versions/A/DirectoryService
0x000000001b326000 	/System/Library/PrivateFrameworks/DiskImages.framework/Versions/A/DiskImages
0x000000001b326000 	/System/Library/PrivateFrameworks/LoginUIKit.framework/Versions/A/Frameworks/LoginUICore.framework/Versions/A/LoginUICore
0x000000001b326000 	/usr/lib/libCoreStorage.dylib
0x000000001b326000 	/usr/lib/libcsfde.dylib
0x000000001b326000 	/usr/lib/libodfde.dylib
0x000000001b326000 	/System/Library/Frameworks/DiscRecording.framework/Versions/A/DiscRecording
0x000000001b326000 	/usr/lib/libcurl.4.dylib
0x000000001b326000 	/System/Library/PrivateFrameworks/MediaKit.framework/Versions/A/MediaKit
0x000000001b326000 	/System/Library/PrivateFrameworks/ProtectedCloudStorage.framework/Versions/A/ProtectedCloudStorage
0x000000001b326000 	/System/Library/PrivateFrameworks/EFILogin.framework/Versions/A/EFILogin
0x000000001b326000 	/usr/lib/libutil.dylib
0x000000001b326000 	/System/Library/Frameworks/LDAP.framework/Versions/A/LDAP
0x000000001b326000 	/usr/lib/libsasl2.2.dylib
0x000000001b326000 	/System/Library/PrivateFrameworks/CoreDaemon.framework/Versions/B/CoreDaemon
0x000000001b326000 	/System/Library/PrivateFrameworks/AppleSRP.framework/Versions/A/AppleSRP
0x000000001b326000 	/System/Library/PrivateFrameworks/APFS.framework/Versions/A/APFS
0x0000000126239000 	/Library/Java/JavaVirtualMachines/jdk1.8.0_101.jdk/Contents/Home/jre/lib/libfontmanager.dylib
0x00000001262a0000 	/private/var/folders/71/9rzh_t616g7bwyq7f6pt_14r0000gn/T/libgdxalbertzhan/f7649394/liblwjgl.dylib
0x0000000111d1c000 	/Library/Java/JavaVirtualMachines/jdk1.8.0_101.jdk/Contents/Home/jre/lib/libjawt.dylib
0x0000000126322000 	/var/folders/71/9rzh_t616g7bwyq7f6pt_14r0000gn/T/libgdxalbertzhan/f7649394/openal.dylib
0x000000012637e000 	/System/Library/Components/CoreAudio.component/Contents/MacOS/CoreAudio
0x0000000123f62000 	/System/Library/Extensions/AppleHDA.kext/Contents/PlugIns/AppleHDAHALPlugIn.bundle/Contents/MacOS/AppleHDAHALPlugIn
0x000000001b326000 	/System/Library/PrivateFrameworks/ViewBridge.framework/Versions/A/ViewBridge
0x000000001b326000 	/System/Library/PrivateFrameworks/XPCService.framework/Versions/A/XPCService
0x000000001b326000 	/System/Library/PrivateFrameworks/AppSandbox.framework/Versions/A/AppSandbox
0x0000000129bf0000 	/usr/lib/libsandbox.1.dylib
0x000000001b326000 	/usr/lib/libMatch.1.dylib
0x0000000129f25000 	/private/var/folders/71/9rzh_t616g7bwyq7f6pt_14r0000gn/T/libgdxalbertzhan/cb5fdeb8/libgdx-bullet64.dylib

VM Arguments:
jvm_args: -Dfile.encoding=UTF-8 
java_command: com.albert.tron.desktop.DesktopLauncher
java_class_path (initial): /Users/albertzhan/GitHub/Tron Legacy- Game of Ship/desktop/bin:/Users/albertzhan/GitHub/Tron Legacy- Game of Ship/core/bin:/Users/albertzhan/.gradle/caches/modules-2/files-2.1/com.badlogicgames.gdx/gdx/1.9.5/dc65bb2f51828c58b1b2b3ac585357204d54ee5f/gdx-1.9.5.jar:/Users/albertzhan/.gradle/caches/modules-2/files-2.1/com.badlogicgames.gdx/gdx-box2d/1.9.5/c8098219abfe00b849cc43d461b1105fea3a2944/gdx-box2d-1.9.5.jar:/Users/albertzhan/.gradle/caches/modules-2/files-2.1/com.badlogicgames.gdx/gdx-bullet/1.9.5/2ef2d55ac157d182dbef90568f94cc2f7775eaed/gdx-bullet-1.9.5.jar:/Users/albertzhan/.gradle/caches/modules-2/files-2.1/com.badlogicgames.gdx/gdx-backend-lwjgl/1.9.5/ad5223b755809a92f44e7f6208f4af6a3b39dcc0/gdx-backend-lwjgl-1.9.5.jar:/Users/albertzhan/.gradle/caches/modules-2/files-2.1/com.badlogicgames.gdx/gdx-platform/1.9.5/bc0c7ee7fca96eb3c691b5a87cf11fd4d9f1bab6/gdx-platform-1.9.5-natives-desktop.jar:/Users/albertzhan/.gradle/caches/modules-2/files-2.1/com.badlogicgames.gdx/gdx-box2d-platform/1.9.5/949c188c91f775dd9f17725989dfc20e1be44f76/gdx-box2d-platform-1.9.5-natives-desktop.jar:/Users/albertzhan/.gradle/caches/modules-2/files-2.1/com.badlogicgames.gdx/gdx-bullet-platform/1.9.5/504246f6c370d7197b41a26f25d1b36d6fdc1a9b/gdx-bullet-platform-1.9.5-natives-desktop.jar:/Users/albertzhan/.gradle/caches/modules-2/files-2.1/org.lwjgl.lwjgl/lwjgl/2.9.2/a9d80fe5935c7a9149f6584d9777cfd471f65489/lwjgl-2.9.2.jar:/Users/albertzhan/.gradle/caches/modules-2/files-2.1/org.lwjgl.lwjgl/lwjgl_util/2.9.2/4b9e37300a87799856e0bd15ed81663cdb6b0947/lwjgl_util-2.9.2.jar:/Users/albertzhan/.gradle/caches/modules-2/files-2.1/com.badlogicgames.jlayer/jlayer/1.0.1-gdx/7cca83cec5c1b2f011362f4d85aabd71a73b049d/jlayer-1.0.1-gdx.jar:/Users/albertzhan/.gradle/caches/modules-2/files-2.1/org.jcraft/jorbis/0.0.17/8872d22b293e8f5d7d56ff92be966e6dc28ebdc6/jorbis-0.0.17.jar:/Users/albertzhan/.gradle/caches/modules-2/files-2.1/org.lwjgl.lwjgl/lwjgl-platform/2.9.2/510c7d317f5e9e70
Launcher Type: SUN_STANDARD

Environment Variables:
PATH=/usr/bin:/bin:/usr/sbin:/sbin
SHELL=/bin/bash
DISPLAY=/private/tmp/com.apple.launchd.5ZqG06BEZS/org.macosforge.xquartz:0

Signal Handlers:
SIGSEGV: [libjvm.dylib+0x5af145], sa_mask[0]=11111111011111110111111111111111, sa_flags=SA_ONSTACK|SA_RESTART|SA_SIGINFO
SIGBUS: [libjvm.dylib+0x5af145], sa_mask[0]=11111111011111110111111111111111, sa_flags=SA_RESTART|SA_SIGINFO
SIGFPE: [libjvm.dylib+0x48694c], sa_mask[0]=11111111011111110111111111111111, sa_flags=SA_RESTART|SA_SIGINFO
SIGPIPE: [libjvm.dylib+0x48694c], sa_mask[0]=11111111011111110111111111111111, sa_flags=SA_RESTART|SA_SIGINFO
SIGXFSZ: [libjvm.dylib+0x48694c], sa_mask[0]=11111111011111110111111111111111, sa_flags=SA_RESTART|SA_SIGINFO
SIGILL: [libjvm.dylib+0x48694c], sa_mask[0]=11111111011111110111111111111111, sa_flags=SA_RESTART|SA_SIGINFO
SIGUSR1: SIG_DFL, sa_mask[0]=00000000000000000000000000000000, sa_flags=none
SIGUSR2: [libjvm.dylib+0x48646a], sa_mask[0]=00100000000000000000000000000000, sa_flags=SA_RESTART|SA_SIGINFO
SIGHUP: [libjvm.dylib+0x484a41], sa_mask[0]=11111111011111110111111111111111, sa_flags=SA_RESTART|SA_SIGINFO
SIGINT: [libjvm.dylib+0x484a41], sa_mask[0]=11111111011111110111111111111111, sa_flags=SA_RESTART|SA_SIGINFO
SIGTERM: [libjvm.dylib+0x484a41], sa_mask[0]=11111111011111110111111111111111, sa_flags=SA_RESTART|SA_SIGINFO
SIGQUIT: [libjvm.dylib+0x484a41], sa_mask[0]=11111111011111110111111111111111, sa_flags=SA_RESTART|SA_SIGINFO


---------------  S Y S T E M  ---------------

OS:Bsduname:Darwin 16.4.0 Darwin Kernel Version 16.4.0: Thu Dec 22 22:53:21 PST 2016; root:xnu-3789.41.3~3/RELEASE_X86_64 x86_64
rlimit: STACK 8192k, CORE 0k, NPROC 709, NOFILE 10240, AS infinity
load average:2.14 1.95 1.81

CPU:total 4 (2 cores per cpu, 2 threads per core) family 6 model 61 stepping 4, cmov, cx8, fxsr, mmx, sse, sse2, sse3, ssse3, sse4.1, sse4.2, popcnt, avx, avx2, aes, clmul, erms, 3dnowpref, lzcnt, ht, tsc, tscinvbit, bmi1, bmi2, adx

Memory: 4k page, physical 8388608k(2063276k free)

/proc/meminfo:


vm_info: Java HotSpot(TM) 64-Bit Server VM (25.101-b13) for bsd-amd64 JRE (1.8.0_101-b13), built on Jun 22 2016 02:42:15 by "java_re" with gcc 4.2.1 (Based on Apple Inc. build 5658) (LLVM build 2336.11.00)

time: Fri Feb  3 12:33:39 2017
elapsed time: 1 seconds (0d 0h 0m 1s)

